#
# There is insufficient memory for the Java Runtime Environment to continue.
# Native memory allocation (mmap) failed to map 164626432 bytes for G1 virtual space
# Possible reasons:
#   The system is out of physical RAM or swap space
#   The process is running with CompressedOops enabled, and the Java Heap may be blocking the growth of the native heap
# Possible solutions:
#   Reduce memory load on the system
#   Increase physical memory or swap space
#   Check if swap backing store is full
#   Decrease Java heap size (-Xmx/-Xms)
#   Decrease number of Java threads
#   Decrease Java thread stack sizes (-Xss)
#   Set larger code cache with -XX:ReservedCodeCacheSize=
#   JVM is running with Unscaled Compressed Oops mode in which the Java heap is
#     placed in the first 4GB address space. The Java Heap base address is the
#     maximum limit for the native heap growth. Please use -XX:HeapBaseMinAddress
#     to set the Java Heap base and to place the Java Heap above 4GB virtual address.
# This output file may be truncated or incomplete.
#
#  Out of Memory Error (os_windows.cpp:3536), pid=22780, tid=22944
#
# JRE version: OpenJDK Runtime Environment Corretto-19.0.2.7.1 (19.0.2+7) (build 19.0.2+7-FR)
# Java VM: OpenJDK 64-Bit Server VM Corretto-19.0.2.7.1 (19.0.2+7-FR, mixed mode, emulated-client, sharing, tiered, compressed oops, compressed class ptrs, g1 gc, windows-amd64)
# No core dump will be written. Minidumps are not enabled by default on client versions of Windows
#

---------------  S U M M A R Y ------------

Command Line: -XX:TieredStopAtLevel=1 -Dspring.output.ansi.enabled=always -Dcom.sun.management.jmxremote -Dspring.jmx.enabled=true -Dspring.liveBeansView.mbeanDomain -Dspring.application.admin.enabled=true -Dmanagement.endpoints.jmx.exposure.include=* -javaagent:D:\Documents\IntelliJ IDEA 2022.3.1\lib\idea_rt.jar=60594:D:\Documents\IntelliJ IDEA 2022.3.1\bin -Dfile.encoding=UTF-8 -Dsun.stdout.encoding=UTF-8 -Dsun.stderr.encoding=UTF-8 com.example.TelegramApplication

Host: Intel(R) Core(TM) i5-10300H CPU @ 2.50GHz, 8 cores, 7G,  Windows 11 , 64 bit Build 22621 (10.0.22621.2428)
Time: Mon Nov 13 12:42:48 2023 SE Asia Standard Time elapsed time: 7.610558 seconds (0d 0h 0m 7s)

---------------  T H R E A D  ---------------

Current thread (0x0000022ac45a5d10):  VMThread "VM Thread" [stack: 0x000000a534f00000,0x000000a535000000] [id=22944]

Stack: [0x000000a534f00000,0x000000a535000000]
Native frames: (J=compiled Java code, j=interpreted, Vv=VM code, C=native code)
V  [jvm.dll+0x6d034a]
V  [jvm.dll+0x880f10]
V  [jvm.dll+0x88289e]
V  [jvm.dll+0x882f43]
V  [jvm.dll+0x27b4bb]
V  [jvm.dll+0x6cd13a]
V  [jvm.dll+0x6c1d3a]
V  [jvm.dll+0x351969]
V  [jvm.dll+0x359076]
V  [jvm.dll+0x3ad28a]
V  [jvm.dll+0x3ad4cf]
V  [jvm.dll+0x3261ea]
V  [jvm.dll+0x326297]
V  [jvm.dll+0x36ddd2]
V  [jvm.dll+0x36c4f0]
V  [jvm.dll+0x3259f0]
V  [jvm.dll+0x36ba8b]
V  [jvm.dll+0x887ff3]
V  [jvm.dll+0x888d9e]
V  [jvm.dll+0x8892e5]
V  [jvm.dll+0x88975b]
V  [jvm.dll+0x889815]
V  [jvm.dll+0x82e2fa]
V  [jvm.dll+0x6cf0d3]
C  [ucrtbase.dll+0x29363]
C  [KERNEL32.DLL+0x1257d]
C  [ntdll.dll+0x5aa78]

VM_Operation (0x000000a5378fd3b0): G1CollectForAllocation, mode: safepoint, requested by thread 0x0000022acb701090


---------------  P R O C E S S  ---------------

Threads class SMR info:
_java_thread_list=0x0000022acb30f0f0, length=36, elements={
0x0000022aafdba710, 0x0000022ac45c0050, 0x0000022ac45c0e40, 0x0000022ac45c3fa0,
0x0000022ac45c6ca0, 0x0000022ac45ca5f0, 0x0000022ac45caf20, 0x0000022ac45ce5a0,
0x0000022ac45ceb20, 0x0000022ac4596ba0, 0x0000022ac8921080, 0x0000022ac8921600,
0x0000022ac9198d90, 0x0000022ac91992d0, 0x0000022ac92c4450, 0x0000022ac9bf63c0,
0x0000022aca68cd00, 0x0000022aca68d840, 0x0000022aca68dd80, 0x0000022acaaa3c20,
0x0000022acab5e400, 0x0000022aca4ae060, 0x0000022aca4ab090, 0x0000022aca4abb30,
0x0000022aca4ac080, 0x0000022aca4ac5d0, 0x0000022aca4acb20, 0x0000022aca4ad070,
0x0000022acb708ac0, 0x0000022acb707ad0, 0x0000022acb703b10, 0x0000022acb701090,
0x0000022acb707030, 0x0000022acb704060, 0x0000022acb706590, 0x0000022acb7015e0
}

Java Threads: ( => current thread )
  0x0000022aafdba710 JavaThread "main" [_thread_blocked, id=6584, stack(0x000000a534900000,0x000000a534a00000)]
  0x0000022ac45c0050 JavaThread "Reference Handler" daemon [_thread_blocked, id=12140, stack(0x000000a535000000,0x000000a535100000)]
  0x0000022ac45c0e40 JavaThread "Finalizer" daemon [_thread_blocked, id=21492, stack(0x000000a535100000,0x000000a535200000)]
  0x0000022ac45c3fa0 JavaThread "Signal Dispatcher" daemon [_thread_blocked, id=460, stack(0x000000a535200000,0x000000a535300000)]
  0x0000022ac45c6ca0 JavaThread "Attach Listener" daemon [_thread_blocked, id=19308, stack(0x000000a535300000,0x000000a535400000)]
  0x0000022ac45ca5f0 JavaThread "Service Thread" daemon [_thread_blocked, id=3880, stack(0x000000a535400000,0x000000a535500000)]
  0x0000022ac45caf20 JavaThread "Monitor Deflation Thread" daemon [_thread_blocked, id=15940, stack(0x000000a535500000,0x000000a535600000)]
  0x0000022ac45ce5a0 JavaThread "C1 CompilerThread0" daemon [_thread_blocked, id=19544, stack(0x000000a535600000,0x000000a535700000)]
  0x0000022ac45ceb20 JavaThread "Sweeper thread" daemon [_thread_blocked, id=20148, stack(0x000000a535700000,0x000000a535800000)]
  0x0000022ac4596ba0 JavaThread "Common-Cleaner" daemon [_thread_blocked, id=19928, stack(0x000000a535800000,0x000000a535900000)]
  0x0000022ac8921080 JavaThread "C1 CompilerThread1" daemon [_thread_blocked, id=6460, stack(0x000000a535900000,0x000000a535a00000)]
  0x0000022ac8921600 JavaThread "C1 CompilerThread2" daemon [_thread_blocked, id=10540, stack(0x000000a535a00000,0x000000a535b00000)]
  0x0000022ac9198d90 JavaThread "Monitor Ctrl-Break" daemon [_thread_in_native, id=4360, stack(0x000000a535b00000,0x000000a535c00000)]
  0x0000022ac91992d0 JavaThread "Notification Thread" daemon [_thread_blocked, id=4140, stack(0x000000a535c00000,0x000000a535d00000)]
  0x0000022ac92c4450 JavaThread "RMI TCP Accept-0" daemon [_thread_in_native, id=15092, stack(0x000000a535d00000,0x000000a535e00000)]
  0x0000022ac9bf63c0 JavaThread "C1 CompilerThread3" daemon [_thread_blocked, id=23368, stack(0x000000a536700000,0x000000a536800000)]
  0x0000022aca68cd00 JavaThread "Catalina-utility-1" [_thread_blocked, id=9716, stack(0x000000a536800000,0x000000a536900000)]
  0x0000022aca68d840 JavaThread "Catalina-utility-2" [_thread_blocked, id=13944, stack(0x000000a536900000,0x000000a536a00000)]
  0x0000022aca68dd80 JavaThread "container-0" [_thread_blocked, id=17636, stack(0x000000a536a00000,0x000000a536b00000)]
  0x0000022acaaa3c20 JavaThread "PostgreSQL-JDBC-Cleaner" daemon [_thread_blocked, id=17824, stack(0x000000a536c00000,0x000000a536d00000)]
  0x0000022acab5e400 JavaThread "HikariPool-1 housekeeper" daemon [_thread_blocked, id=2708, stack(0x000000a536d00000,0x000000a536e00000)]
  0x0000022aca4ae060 JavaThread "HikariPool-1 connection adder" daemon [_thread_blocked, id=19988, stack(0x000000a536e00000,0x000000a536f00000)]
  0x0000022aca4ab090 JavaThread "ClassGraph-worker-84" daemon [_thread_blocked, id=20672, stack(0x000000a536f00000,0x000000a537000000)]
  0x0000022aca4abb30 JavaThread "ClassGraph-worker-85" daemon [_thread_blocked, id=15832, stack(0x000000a537000000,0x000000a537100000)]
  0x0000022aca4ac080 JavaThread "ClassGraph-worker-86" daemon [_thread_blocked, id=12560, stack(0x000000a537100000,0x000000a537200000)]
  0x0000022aca4ac5d0 JavaThread "ClassGraph-worker-87" daemon [_thread_blocked, id=21068, stack(0x000000a537200000,0x000000a537300000)]
  0x0000022aca4acb20 JavaThread "ClassGraph-worker-88" daemon [_thread_blocked, id=5128, stack(0x000000a537300000,0x000000a537400000)]
  0x0000022aca4ad070 JavaThread "ClassGraph-worker-89" daemon [_thread_blocked, id=18844, stack(0x000000a537400000,0x000000a537500000)]
  0x0000022acb708ac0 JavaThread "ClassGraph-worker-90" daemon [_thread_blocked, id=3080, stack(0x000000a537500000,0x000000a537600000)]
  0x0000022acb707ad0 JavaThread "ClassGraph-worker-91" daemon [_thread_blocked, id=16036, stack(0x000000a537600000,0x000000a537700000)]
  0x0000022acb703b10 JavaThread "ClassGraph-worker-92" daemon [_thread_blocked, id=22392, stack(0x000000a537700000,0x000000a537800000)]
  0x0000022acb701090 JavaThread "ClassGraph-worker-93" daemon [_thread_blocked, id=9128, stack(0x000000a537800000,0x000000a537900000)]
  0x0000022acb707030 JavaThread "ClassGraph-worker-94" daemon [_thread_blocked, id=23160, stack(0x000000a537900000,0x000000a537a00000)]
  0x0000022acb704060 JavaThread "ClassGraph-worker-95" daemon [_thread_blocked, id=17608, stack(0x000000a537a00000,0x000000a537b00000)]
  0x0000022acb706590 JavaThread "ClassGraph-worker-96" daemon [_thread_blocked, id=15888, stack(0x000000a537b00000,0x000000a537c00000)]
  0x0000022acb7015e0 JavaThread "ClassGraph-worker-97" daemon [_thread_blocked, id=5756, stack(0x000000a537c00000,0x000000a537d00000)]

Other Threads:
=>0x0000022ac45a5d10 VMThread "VM Thread" [stack: 0x000000a534f00000,0x000000a535000000] [id=22944]
  0x0000022ac92dc300 WatcherThread "VM Periodic Task Thread" [stack: 0x000000a535e00000,0x000000a535f00000] [id=19080]
  0x0000022aafe19160 WorkerThread "GC Thread#0" [stack: 0x000000a534a00000,0x000000a534b00000] [id=19168]
  0x0000022ac97b4db0 WorkerThread "GC Thread#1" [stack: 0x000000a535f00000,0x000000a536000000] [id=22068]
  0x0000022ac97b5080 WorkerThread "GC Thread#2" [stack: 0x000000a536000000,0x000000a536100000] [id=12584]
  0x0000022ac9905ee0 WorkerThread "GC Thread#3" [stack: 0x000000a536100000,0x000000a536200000] [id=15704]
  0x0000022ac99081c0 WorkerThread "GC Thread#4" [stack: 0x000000a536200000,0x000000a536300000] [id=12612]
  0x0000022ac99088a0 WorkerThread "GC Thread#5" [stack: 0x000000a536300000,0x000000a536400000] [id=19724]
  0x0000022ac9909160 WorkerThread "GC Thread#6" [stack: 0x000000a536400000,0x000000a536500000] [id=15856]
  0x0000022ac990a7e0 WorkerThread "GC Thread#7" [stack: 0x000000a536500000,0x000000a536600000] [id=20528]
  0x0000022aafe29d70 ConcurrentGCThread "G1 Main Marker" [stack: 0x000000a534b00000,0x000000a534c00000] [id=1424]
  0x0000022aafe2a7a0 WorkerThread "G1 Conc#0" [stack: 0x000000a534c00000,0x000000a534d00000] [id=21584]
  0x0000022ac9909ca0 WorkerThread "G1 Conc#1" [stack: 0x000000a536600000,0x000000a536700000] [id=2808]
  0x0000022aafe6e060 ConcurrentGCThread "G1 Refine#0" [stack: 0x000000a534d00000,0x000000a534e00000] [id=16884]
  0x0000022aafe6eba0 ConcurrentGCThread "G1 Service" [stack: 0x000000a534e00000,0x000000a534f00000] [id=6692]

Threads with active compile tasks:

VM state: at safepoint (normal execution)

VM Mutex/Monitor currently owned by a thread:  ([mutex/lock_event])
[0x0000022aafdb6240] Threads_lock - owner thread: 0x0000022ac45a5d10
[0x0000022aafdb6360] Heap_lock - owner thread: 0x0000022acb701090

Heap address: 0x0000000082800000, size: 2008 MB, Compressed Oops mode: 32-bit

CDS archive(s) mapped at: [0x0000000800000000-0x0000000800c40000-0x0000000800c40000), size 12845056, SharedBaseAddress: 0x0000000800000000, ArchiveRelocationMode: 0.
Compressed class space mapped at: 0x0000000801000000-0x0000000841000000, reserved size: 1073741824
Narrow klass base: 0x0000000800000000, Narrow klass shift: 0, Narrow klass range: 0x100000000

GC Precious Log:
 CardTable entry size: 512
 Card Set container configuration: InlinePtr #cards 5 size 8 Array Of Cards #cards 12 size 40 Howl #buckets 4 coarsen threshold 1843 Howl Bitmap #cards 512 size 80 coarsen threshold 460 Card regions per heap region 1 cards per card region 2048
 CPUs: 8 total, 8 available
 Memory: 8029M
 Large Page Support: Disabled
 NUMA Support: Disabled
 Compressed Oops: Enabled (32-bit)
 Heap Region Size: 1M
 Heap Min Capacity: 8M
 Heap Initial Capacity: 126M
 Heap Max Capacity: 2008M
 Pre-touch: Disabled
 Parallel Workers: 8
 Concurrent Workers: 2
 Concurrent Refinement Workers: 8
 Periodic GC: Disabled

Heap:
 garbage-first heap   total 160768K, used 87342K [0x0000000082800000, 0x0000000100000000)
  region size 1024K, 5 young (5120K), 5 survivors (5120K)
 Metaspace       used 65215K, committed 65920K, reserved 1114112K
  class space    used 8999K, committed 9344K, reserved 1048576K

Heap Regions: E=young(eden), S=young(survivor), O=old, HS=humongous(starts), HC=humongous(continues), CS=collection set, F=free, OA=open archive, CA=closed archive, TAMS=top-at-mark-start (previous, next)
|   0|0x0000000082800000, 0x0000000082900000, 0x0000000082900000|100%|HS|  |TAMS 0x0000000082900000, 0x0000000082800000| Complete 
|   1|0x0000000082900000, 0x0000000082a00000, 0x0000000082a00000|100%| O|  |TAMS 0x0000000082a00000, 0x0000000082900000| Untracked 
|   2|0x0000000082a00000, 0x0000000082b00000, 0x0000000082b00000|100%| O|  |TAMS 0x0000000082b00000, 0x0000000082a00000| Untracked 
|   3|0x0000000082b00000, 0x0000000082c00000, 0x0000000082c00000|100%| O|  |TAMS 0x0000000082c00000, 0x0000000082b00000| Untracked 
|   4|0x0000000082c00000, 0x0000000082d00000, 0x0000000082d00000|100%| O|  |TAMS 0x0000000082d00000, 0x0000000082c00000| Untracked 
|   5|0x0000000082d00000, 0x0000000082e00000, 0x0000000082e00000|100%| O|  |TAMS 0x0000000082e00000, 0x0000000082d00000| Untracked 
|   6|0x0000000082e00000, 0x0000000082f00000, 0x0000000082f00000|100%| O|  |TAMS 0x0000000082f00000, 0x0000000082e00000| Untracked 
|   7|0x0000000082f00000, 0x0000000083000000, 0x0000000083000000|100%| O|  |TAMS 0x0000000083000000, 0x0000000082f00000| Untracked 
|   8|0x0000000083000000, 0x0000000083100000, 0x0000000083100000|100%| O|  |TAMS 0x0000000083100000, 0x0000000083000000| Untracked 
|   9|0x0000000083100000, 0x0000000083200000, 0x0000000083200000|100%| O|  |TAMS 0x0000000083200000, 0x0000000083100000| Untracked 
|  10|0x0000000083200000, 0x0000000083300000, 0x0000000083300000|100%| O|  |TAMS 0x0000000083300000, 0x0000000083200000| Untracked 
|  11|0x0000000083300000, 0x0000000083400000, 0x0000000083400000|100%| O|  |TAMS 0x0000000083400000, 0x0000000083300000| Untracked 
|  12|0x0000000083400000, 0x0000000083500000, 0x0000000083500000|100%| O|  |TAMS 0x0000000083500000, 0x0000000083400000| Untracked 
|  13|0x0000000083500000, 0x0000000083600000, 0x0000000083600000|100%| O|  |TAMS 0x0000000083600000, 0x0000000083500000| Untracked 
|  14|0x0000000083600000, 0x0000000083700000, 0x0000000083700000|100%| O|  |TAMS 0x0000000083700000, 0x0000000083600000| Untracked 
|  15|0x0000000083700000, 0x0000000083800000, 0x0000000083800000|100%| O|  |TAMS 0x0000000083800000, 0x0000000083700000| Untracked 
|  16|0x0000000083800000, 0x0000000083900000, 0x0000000083900000|100%| O|  |TAMS 0x0000000083900000, 0x0000000083800000| Untracked 
|  17|0x0000000083900000, 0x0000000083a00000, 0x0000000083a00000|100%| O|  |TAMS 0x0000000083a00000, 0x0000000083900000| Untracked 
|  18|0x0000000083a00000, 0x0000000083a00000, 0x0000000083b00000|  0%| F|  |TAMS 0x0000000083a00000, 0x0000000083a00000| Untracked 
|  19|0x0000000083b00000, 0x0000000083c00000, 0x0000000083c00000|100%| O|  |TAMS 0x0000000083c00000, 0x0000000083b00000| Untracked 
|  20|0x0000000083c00000, 0x0000000083d00000, 0x0000000083d00000|100%| O|  |TAMS 0x0000000083d00000, 0x0000000083c00000| Untracked 
|  21|0x0000000083d00000, 0x0000000083e00000, 0x0000000083e00000|100%| O|  |TAMS 0x0000000083e00000, 0x0000000083d00000| Untracked 
|  22|0x0000000083e00000, 0x0000000083f00000, 0x0000000083f00000|100%| O|  |TAMS 0x0000000083f00000, 0x0000000083e00000| Untracked 
|  23|0x0000000083f00000, 0x0000000084000000, 0x0000000084000000|100%| O|  |TAMS 0x0000000084000000, 0x0000000083f00000| Untracked 
|  24|0x0000000084000000, 0x0000000084100000, 0x0000000084100000|100%| O|  |TAMS 0x0000000084100000, 0x0000000084000000| Untracked 
|  25|0x0000000084100000, 0x0000000084200000, 0x0000000084200000|100%| O|  |TAMS 0x0000000084200000, 0x0000000084100000| Updating 
|  26|0x0000000084200000, 0x0000000084300000, 0x0000000084300000|100%| O|  |TAMS 0x0000000084300000, 0x0000000084200000| Untracked 
|  27|0x0000000084300000, 0x0000000084400000, 0x0000000084400000|100%| O|  |TAMS 0x0000000084400000, 0x0000000084300000| Untracked 
|  28|0x0000000084400000, 0x0000000084500000, 0x0000000084500000|100%| O|  |TAMS 0x0000000084500000, 0x0000000084400000| Untracked 
|  29|0x0000000084500000, 0x0000000084600000, 0x0000000084600000|100%| O|  |TAMS 0x0000000084600000, 0x0000000084500000| Untracked 
|  30|0x0000000084600000, 0x0000000084700000, 0x0000000084700000|100%| O|  |TAMS 0x0000000084700000, 0x0000000084600000| Updating 
|  31|0x0000000084700000, 0x0000000084800000, 0x0000000084800000|100%| O|  |TAMS 0x0000000084800000, 0x0000000084700000| Updating 
|  32|0x0000000084800000, 0x0000000084900000, 0x0000000084900000|100%| O|  |TAMS 0x0000000084900000, 0x0000000084800000| Updating 
|  33|0x0000000084900000, 0x0000000084a00000, 0x0000000084a00000|100%| O|  |TAMS 0x0000000084a00000, 0x0000000084900000| Untracked 
|  34|0x0000000084a00000, 0x0000000084b00000, 0x0000000084b00000|100%| O|  |TAMS 0x0000000084b00000, 0x0000000084a00000| Updating 
|  35|0x0000000084b00000, 0x0000000084c00000, 0x0000000084c00000|100%| O|  |TAMS 0x0000000084c00000, 0x0000000084b00000| Updating 
|  36|0x0000000084c00000, 0x0000000084d00000, 0x0000000084d00000|100%| O|  |TAMS 0x0000000084d00000, 0x0000000084c00000| Updating 
|  37|0x0000000084d00000, 0x0000000084e00000, 0x0000000084e00000|100%| O|  |TAMS 0x0000000084e00000, 0x0000000084d00000| Updating 
|  38|0x0000000084e00000, 0x0000000084f00000, 0x0000000084f00000|100%| O|  |TAMS 0x0000000084f00000, 0x0000000084e00000| Updating 
|  39|0x0000000084f00000, 0x0000000085000000, 0x0000000085000000|100%| O|  |TAMS 0x0000000084f00000, 0x0000000084f00000| Untracked 
|  40|0x0000000085000000, 0x0000000085100000, 0x0000000085100000|100%| O|  |TAMS 0x0000000085000000, 0x0000000085000000| Untracked 
|  41|0x0000000085100000, 0x0000000085200000, 0x0000000085200000|100%| O|  |TAMS 0x0000000085100000, 0x0000000085100000| Untracked 
|  42|0x0000000085200000, 0x0000000085300000, 0x0000000085300000|100%| O|  |TAMS 0x0000000085300000, 0x0000000085200000| Updating 
|  43|0x0000000085300000, 0x0000000085400000, 0x0000000085400000|100%| O|  |TAMS 0x0000000085400000, 0x0000000085300000| Updating 
|  44|0x0000000085400000, 0x0000000085500000, 0x0000000085500000|100%| O|  |TAMS 0x0000000085500000, 0x0000000085400000| Untracked 
|  45|0x0000000085500000, 0x0000000085600000, 0x0000000085600000|100%| O|  |TAMS 0x0000000085600000, 0x0000000085500000| Untracked 
|  46|0x0000000085600000, 0x0000000085700000, 0x0000000085700000|100%| O|  |TAMS 0x0000000085700000, 0x0000000085600000| Untracked 
|  47|0x0000000085700000, 0x0000000085800000, 0x0000000085800000|100%| O|  |TAMS 0x0000000085800000, 0x0000000085700000| Updating 
|  48|0x0000000085800000, 0x0000000085900000, 0x0000000085900000|100%| O|  |TAMS 0x0000000085900000, 0x0000000085800000| Untracked 
|  49|0x0000000085900000, 0x0000000085a00000, 0x0000000085a00000|100%| O|  |TAMS 0x0000000085a00000, 0x0000000085900000| Updating 
|  50|0x0000000085a00000, 0x0000000085b00000, 0x0000000085b00000|100%| O|  |TAMS 0x0000000085b00000, 0x0000000085a00000| Updating 
|  51|0x0000000085b00000, 0x0000000085c00000, 0x0000000085c00000|100%| O|  |TAMS 0x0000000085c00000, 0x0000000085b00000| Updating 
|  52|0x0000000085c00000, 0x0000000085d00000, 0x0000000085d00000|100%| O|  |TAMS 0x0000000085d00000, 0x0000000085c00000| Updating 
|  53|0x0000000085d00000, 0x0000000085e00000, 0x0000000085e00000|100%| O|  |TAMS 0x0000000085e00000, 0x0000000085d00000| Updating 
|  54|0x0000000085e00000, 0x0000000085f00000, 0x0000000085f00000|100%| O|  |TAMS 0x0000000085f00000, 0x0000000085e00000| Updating 
|  55|0x0000000085f00000, 0x0000000086000000, 0x0000000086000000|100%| O|  |TAMS 0x0000000086000000, 0x0000000085f00000| Updating 
|  56|0x0000000086000000, 0x0000000086100000, 0x0000000086100000|100%| O|  |TAMS 0x0000000086100000, 0x0000000086000000| Updating 
|  57|0x0000000086100000, 0x0000000086200000, 0x0000000086200000|100%| O|  |TAMS 0x0000000086200000, 0x0000000086100000| Updating 
|  58|0x0000000086200000, 0x0000000086300000, 0x0000000086300000|100%| O|  |TAMS 0x0000000086300000, 0x0000000086200000| Updating 
|  59|0x0000000086300000, 0x0000000086400000, 0x0000000086400000|100%| O|  |TAMS 0x0000000086400000, 0x0000000086300000| Updating 
|  60|0x0000000086400000, 0x0000000086500000, 0x0000000086500000|100%| O|  |TAMS 0x0000000086500000, 0x0000000086400000| Untracked 
|  61|0x0000000086500000, 0x0000000086600000, 0x0000000086600000|100%| O|  |TAMS 0x0000000086600000, 0x0000000086500000| Untracked 
|  62|0x0000000086600000, 0x0000000086700000, 0x0000000086700000|100%| O|  |TAMS 0x0000000086700000, 0x0000000086600000| Updating 
|  63|0x0000000086700000, 0x0000000086800000, 0x0000000086800000|100%| O|  |TAMS 0x0000000086800000, 0x0000000086700000| Updating 
|  64|0x0000000086800000, 0x0000000086900000, 0x0000000086900000|100%| O|  |TAMS 0x000000008683aa00, 0x0000000086800000| Updating 
|  65|0x0000000086900000, 0x0000000086a00000, 0x0000000086a00000|100%| O|  |TAMS 0x0000000086900000, 0x0000000086900000| Untracked 
|  66|0x0000000086a00000, 0x0000000086b00000, 0x0000000086b00000|100%| O|  |TAMS 0x0000000086a00000, 0x0000000086a00000| Untracked 
|  67|0x0000000086b00000, 0x0000000086c00000, 0x0000000086c00000|100%| O|  |TAMS 0x0000000086b00000, 0x0000000086b00000| Untracked 
|  68|0x0000000086c00000, 0x0000000086d00000, 0x0000000086d00000|100%| O|  |TAMS 0x0000000086c00000, 0x0000000086c00000| Untracked 
|  69|0x0000000086d00000, 0x0000000086e00000, 0x0000000086e00000|100%| O|  |TAMS 0x0000000086d00000, 0x0000000086d00000| Untracked 
|  70|0x0000000086e00000, 0x0000000086f00000, 0x0000000086f00000|100%| O|  |TAMS 0x0000000086e00000, 0x0000000086e00000| Untracked 
|  71|0x0000000086f00000, 0x0000000087000000, 0x0000000087000000|100%| O|  |TAMS 0x0000000086f00000, 0x0000000086f00000| Untracked 
|  72|0x0000000087000000, 0x0000000087100000, 0x0000000087100000|100%| O|  |TAMS 0x0000000087000000, 0x0000000087000000| Untracked 
|  73|0x0000000087100000, 0x0000000087200000, 0x0000000087200000|100%| O|  |TAMS 0x0000000087100000, 0x0000000087100000| Untracked 
|  74|0x0000000087200000, 0x0000000087300000, 0x0000000087300000|100%| O|  |TAMS 0x0000000087200000, 0x0000000087200000| Untracked 
|  75|0x0000000087300000, 0x0000000087400000, 0x0000000087400000|100%| O|  |TAMS 0x0000000087300000, 0x0000000087300000| Untracked 
|  76|0x0000000087400000, 0x0000000087500000, 0x0000000087500000|100%| O|  |TAMS 0x0000000087400000, 0x0000000087400000| Untracked 
|  77|0x0000000087500000, 0x0000000087600000, 0x0000000087600000|100%| O|  |TAMS 0x0000000087500000, 0x0000000087500000| Untracked 
|  78|0x0000000087600000, 0x0000000087700000, 0x0000000087700000|100%| O|  |TAMS 0x0000000087600000, 0x0000000087600000| Untracked 
|  79|0x0000000087700000, 0x0000000087800000, 0x0000000087800000|100%| O|  |TAMS 0x0000000087700000, 0x0000000087700000| Untracked 
|  80|0x0000000087800000, 0x0000000087900000, 0x0000000087900000|100%| O|  |TAMS 0x0000000087800000, 0x0000000087800000| Untracked 
|  81|0x0000000087900000, 0x000000008794b800, 0x0000000087a00000| 29%| O|  |TAMS 0x0000000087900000, 0x0000000087900000| Untracked 
|  82|0x0000000087a00000, 0x0000000087a00000, 0x0000000087b00000|  0%| F|  |TAMS 0x0000000087a00000, 0x0000000087a00000| Untracked 
|  83|0x0000000087b00000, 0x0000000087b00000, 0x0000000087c00000|  0%| F|  |TAMS 0x0000000087b00000, 0x0000000087b00000| Untracked 
|  84|0x0000000087c00000, 0x0000000087c00000, 0x0000000087d00000|  0%| F|  |TAMS 0x0000000087c00000, 0x0000000087c00000| Untracked 
|  85|0x0000000087d00000, 0x0000000087d00000, 0x0000000087e00000|  0%| F|  |TAMS 0x0000000087d00000, 0x0000000087d00000| Untracked 
|  86|0x0000000087e00000, 0x0000000087e00000, 0x0000000087f00000|  0%| F|  |TAMS 0x0000000087e00000, 0x0000000087e00000| Untracked 
|  87|0x0000000087f00000, 0x0000000087f00000, 0x0000000088000000|  0%| F|  |TAMS 0x0000000087f00000, 0x0000000087f00000| Untracked 
|  88|0x0000000088000000, 0x0000000088000000, 0x0000000088100000|  0%| F|  |TAMS 0x0000000088000000, 0x0000000088000000| Untracked 
|  89|0x0000000088100000, 0x0000000088100000, 0x0000000088200000|  0%| F|  |TAMS 0x0000000088100000, 0x0000000088100000| Untracked 
|  90|0x0000000088200000, 0x0000000088200000, 0x0000000088300000|  0%| F|  |TAMS 0x0000000088200000, 0x0000000088200000| Untracked 
|  91|0x0000000088300000, 0x0000000088300000, 0x0000000088400000|  0%| F|  |TAMS 0x0000000088300000, 0x0000000088300000| Untracked 
|  92|0x0000000088400000, 0x0000000088400000, 0x0000000088500000|  0%| F|  |TAMS 0x0000000088400000, 0x0000000088400000| Untracked 
|  93|0x0000000088500000, 0x0000000088500000, 0x0000000088600000|  0%| F|  |TAMS 0x0000000088500000, 0x0000000088500000| Untracked 
|  94|0x0000000088600000, 0x0000000088600000, 0x0000000088700000|  0%| F|  |TAMS 0x0000000088600000, 0x0000000088600000| Untracked 
|  95|0x0000000088700000, 0x0000000088700000, 0x0000000088800000|  0%| F|  |TAMS 0x0000000088700000, 0x0000000088700000| Untracked 
|  96|0x0000000088800000, 0x0000000088800000, 0x0000000088900000|  0%| F|  |TAMS 0x0000000088800000, 0x0000000088800000| Untracked 
|  97|0x0000000088900000, 0x0000000088900000, 0x0000000088a00000|  0%| F|  |TAMS 0x0000000088900000, 0x0000000088900000| Untracked 
|  98|0x0000000088a00000, 0x0000000088a00000, 0x0000000088b00000|  0%| F|  |TAMS 0x0000000088a00000, 0x0000000088a00000| Untracked 
|  99|0x0000000088b00000, 0x0000000088b00000, 0x0000000088c00000|  0%| F|  |TAMS 0x0000000088b00000, 0x0000000088b00000| Untracked 
| 100|0x0000000088c00000, 0x0000000088c00000, 0x0000000088d00000|  0%| F|  |TAMS 0x0000000088c00000, 0x0000000088c00000| Untracked 
| 101|0x0000000088d00000, 0x0000000088d00000, 0x0000000088e00000|  0%| F|  |TAMS 0x0000000088d00000, 0x0000000088d00000| Untracked 
| 102|0x0000000088e00000, 0x0000000088e00000, 0x0000000088f00000|  0%| F|  |TAMS 0x0000000088e00000, 0x0000000088e00000| Untracked 
| 103|0x0000000088f00000, 0x0000000088f00000, 0x0000000089000000|  0%| F|  |TAMS 0x0000000088f00000, 0x0000000088f00000| Untracked 
| 104|0x0000000089000000, 0x0000000089000000, 0x0000000089100000|  0%| F|  |TAMS 0x0000000089000000, 0x0000000089000000| Untracked 
| 105|0x0000000089100000, 0x0000000089100000, 0x0000000089200000|  0%| F|  |TAMS 0x0000000089100000, 0x0000000089100000| Untracked 
| 106|0x0000000089200000, 0x0000000089200000, 0x0000000089300000|  0%| F|  |TAMS 0x0000000089200000, 0x0000000089200000| Untracked 
| 107|0x0000000089300000, 0x0000000089300000, 0x0000000089400000|  0%| F|  |TAMS 0x0000000089300000, 0x0000000089300000| Untracked 
| 108|0x0000000089400000, 0x0000000089400000, 0x0000000089500000|  0%| F|  |TAMS 0x0000000089400000, 0x0000000089400000| Untracked 
| 109|0x0000000089500000, 0x0000000089500000, 0x0000000089600000|  0%| F|  |TAMS 0x0000000089500000, 0x0000000089500000| Untracked 
| 110|0x0000000089600000, 0x0000000089600000, 0x0000000089700000|  0%| F|  |TAMS 0x0000000089600000, 0x0000000089600000| Untracked 
| 111|0x0000000089700000, 0x0000000089700000, 0x0000000089800000|  0%| F|  |TAMS 0x0000000089700000, 0x0000000089700000| Untracked 
| 112|0x0000000089800000, 0x0000000089800000, 0x0000000089900000|  0%| F|  |TAMS 0x0000000089800000, 0x0000000089800000| Untracked 
| 113|0x0000000089900000, 0x0000000089900000, 0x0000000089a00000|  0%| F|  |TAMS 0x0000000089900000, 0x0000000089900000| Untracked 
| 114|0x0000000089a00000, 0x0000000089a00000, 0x0000000089b00000|  0%| F|  |TAMS 0x0000000089a00000, 0x0000000089a00000| Untracked 
| 115|0x0000000089b00000, 0x0000000089b00000, 0x0000000089c00000|  0%| F|  |TAMS 0x0000000089b00000, 0x0000000089b00000| Untracked 
| 116|0x0000000089c00000, 0x0000000089c00000, 0x0000000089d00000|  0%| F|  |TAMS 0x0000000089c00000, 0x0000000089c00000| Untracked 
| 117|0x0000000089d00000, 0x0000000089d00000, 0x0000000089e00000|  0%| F|  |TAMS 0x0000000089d00000, 0x0000000089d00000| Untracked 
| 118|0x0000000089e00000, 0x0000000089e00000, 0x0000000089f00000|  0%| F|  |TAMS 0x0000000089e00000, 0x0000000089e00000| Untracked 
| 119|0x0000000089f00000, 0x0000000089f00000, 0x000000008a000000|  0%| F|  |TAMS 0x0000000089f00000, 0x0000000089f00000| Untracked 
| 120|0x000000008a000000, 0x000000008a000000, 0x000000008a100000|  0%| F|  |TAMS 0x000000008a000000, 0x000000008a000000| Untracked 
| 121|0x000000008a100000, 0x000000008a100000, 0x000000008a200000|  0%| F|  |TAMS 0x000000008a100000, 0x000000008a100000| Untracked 
| 122|0x000000008a200000, 0x000000008a200000, 0x000000008a300000|  0%| F|  |TAMS 0x000000008a200000, 0x000000008a200000| Untracked 
| 123|0x000000008a300000, 0x000000008a300000, 0x000000008a400000|  0%| F|  |TAMS 0x000000008a300000, 0x000000008a300000| Untracked 
| 124|0x000000008a400000, 0x000000008a500000, 0x000000008a500000|100%| S|CS|TAMS 0x000000008a400000, 0x000000008a400000| Complete 
| 125|0x000000008a500000, 0x000000008a600000, 0x000000008a600000|100%| S|CS|TAMS 0x000000008a500000, 0x000000008a500000| Complete 
| 126|0x000000008a600000, 0x000000008a700000, 0x000000008a700000|100%| S|CS|TAMS 0x000000008a600000, 0x000000008a600000| Complete 
| 127|0x000000008a700000, 0x000000008a800000, 0x000000008a800000|100%| S|CS|TAMS 0x000000008a700000, 0x000000008a700000| Complete 
| 128|0x000000008a800000, 0x000000008a800000, 0x000000008a900000|  0%| F|  |TAMS 0x000000008a800000, 0x000000008a800000| Untracked 
| 129|0x000000008a900000, 0x000000008a900000, 0x000000008aa00000|  0%| F|  |TAMS 0x000000008a900000, 0x000000008a900000| Untracked 
| 130|0x000000008aa00000, 0x000000008aa00000, 0x000000008ab00000|  0%| F|  |TAMS 0x000000008aa00000, 0x000000008aa00000| Untracked 
| 131|0x000000008ab00000, 0x000000008ab00000, 0x000000008ac00000|  0%| F|  |TAMS 0x000000008ab00000, 0x000000008ab00000| Untracked 
| 132|0x000000008ac00000, 0x000000008ac00000, 0x000000008ad00000|  0%| F|  |TAMS 0x000000008ac00000, 0x000000008ac00000| Untracked 
| 133|0x000000008ad00000, 0x000000008ad00000, 0x000000008ae00000|  0%| F|  |TAMS 0x000000008ad00000, 0x000000008ad00000| Untracked 
| 134|0x000000008ae00000, 0x000000008ae00000, 0x000000008af00000|  0%| F|  |TAMS 0x000000008ae00000, 0x000000008ae00000| Untracked 
| 135|0x000000008af00000, 0x000000008af00000, 0x000000008b000000|  0%| F|  |TAMS 0x000000008af00000, 0x000000008af00000| Untracked 
| 136|0x000000008b000000, 0x000000008b000000, 0x000000008b100000|  0%| F|  |TAMS 0x000000008b000000, 0x000000008b000000| Untracked 
| 137|0x000000008b100000, 0x000000008b100000, 0x000000008b200000|  0%| F|  |TAMS 0x000000008b100000, 0x000000008b100000| Untracked 
| 138|0x000000008b200000, 0x000000008b200000, 0x000000008b300000|  0%| F|  |TAMS 0x000000008b200000, 0x000000008b200000| Untracked 
| 139|0x000000008b300000, 0x000000008b300000, 0x000000008b400000|  0%| F|  |TAMS 0x000000008b300000, 0x000000008b300000| Untracked 
| 140|0x000000008b400000, 0x000000008b400000, 0x000000008b500000|  0%| F|  |TAMS 0x000000008b400000, 0x000000008b400000| Untracked 
| 141|0x000000008b500000, 0x000000008b500000, 0x000000008b600000|  0%| F|  |TAMS 0x000000008b500000, 0x000000008b500000| Untracked 
| 142|0x000000008b600000, 0x000000008b700000, 0x000000008b700000|100%| S|CS|TAMS 0x000000008b600000, 0x000000008b600000| Complete 
| 143|0x000000008b700000, 0x000000008b700000, 0x000000008b800000|  0%| F|  |TAMS 0x000000008b700000, 0x000000008b700000| Untracked 
| 144|0x000000008b800000, 0x000000008b800000, 0x000000008b900000|  0%| F|  |TAMS 0x000000008b800000, 0x000000008b800000| Untracked 
| 145|0x000000008b900000, 0x000000008b900000, 0x000000008ba00000|  0%| F|  |TAMS 0x000000008b900000, 0x000000008b900000| Untracked 
| 146|0x000000008ba00000, 0x000000008ba00000, 0x000000008bb00000|  0%| F|  |TAMS 0x000000008ba00000, 0x000000008ba00000| Untracked 
| 147|0x000000008bb00000, 0x000000008bb00000, 0x000000008bc00000|  0%| F|  |TAMS 0x000000008bb00000, 0x000000008bb00000| Untracked 
| 148|0x000000008bc00000, 0x000000008bc00000, 0x000000008bd00000|  0%| F|  |TAMS 0x000000008bc00000, 0x000000008bc00000| Untracked 
| 149|0x000000008bd00000, 0x000000008bd00000, 0x000000008be00000|  0%| F|  |TAMS 0x000000008bd00000, 0x000000008bd00000| Untracked 
| 150|0x000000008be00000, 0x000000008be00000, 0x000000008bf00000|  0%| F|  |TAMS 0x000000008be00000, 0x000000008be00000| Untracked 
| 151|0x000000008bf00000, 0x000000008bf00000, 0x000000008c000000|  0%| F|  |TAMS 0x000000008bf00000, 0x000000008bf00000| Untracked 
| 152|0x000000008c000000, 0x000000008c000000, 0x000000008c100000|  0%| F|  |TAMS 0x000000008c000000, 0x000000008c000000| Untracked 
| 153|0x000000008c100000, 0x000000008c100000, 0x000000008c200000|  0%| F|  |TAMS 0x000000008c100000, 0x000000008c100000| Untracked 
| 154|0x000000008c200000, 0x000000008c200000, 0x000000008c300000|  0%| F|  |TAMS 0x000000008c200000, 0x000000008c200000| Untracked 
| 155|0x000000008c300000, 0x000000008c300000, 0x000000008c400000|  0%| F|  |TAMS 0x000000008c300000, 0x000000008c300000| Untracked 
| 156|0x000000008c400000, 0x000000008c400000, 0x000000008c500000|  0%| F|  |TAMS 0x000000008c400000, 0x000000008c400000| Untracked 

Card table byte_map: [0x0000022abd440000,0x0000022abd830000] _byte_map_base: 0x0000022abd02c000

Marking Bits (Prev, Next): (CMBitMap*) 0x0000022aafe19790, (CMBitMap*) 0x0000022aafe197d0
 Prev Bits: [0x0000022abdc20000, 0x0000022abfb80000)
 Next Bits: [0x0000022abfb80000, 0x0000022ac1ae0000)

Polling page: 0x0000022aafe70000

Metaspace:

Usage:
  Non-class:     54.90 MB used.
      Class:      8.79 MB used.
       Both:     63.69 MB used.

Virtual space:
  Non-class space:       64.00 MB reserved,      55.25 MB ( 86%) committed,  1 nodes.
      Class space:        1.00 GB reserved,       9.13 MB ( <1%) committed,  1 nodes.
             Both:        1.06 GB reserved,      64.38 MB (  6%) committed. 

Chunk freelists:
   Non-Class:  410.00 KB
       Class:  2.90 MB
        Both:  3.30 MB

MaxMetaspaceSize: unlimited
CompressedClassSpaceSize: 1.00 GB
Initial GC threshold: 21.00 MB
Current GC threshold: 107.31 MB
CDS: on
MetaspaceReclaimPolicy: balanced
 - commit_granule_bytes: 65536.
 - commit_granule_words: 8192.
 - virtual_space_node_default_size: 8388608.
 - enlarge_chunks_in_place: 1.
 - new_chunks_are_fully_committed: 0.
 - uncommit_free_chunks: 1.
 - use_allocation_guard: 0.


Internal statistics:

num_allocs_failed_limit: 12.
num_arena_births: 990.
num_arena_deaths: 0.
num_vsnodes_births: 2.
num_vsnodes_deaths: 0.
num_space_committed: 1030.
num_space_uncommitted: 0.
num_chunks_returned_to_freelist: 12.
num_chunks_taken_from_freelist: 3166.
num_chunk_merges: 6.
num_chunk_splits: 2393.
num_chunks_enlarged: 1974.
num_inconsistent_stats: 0.

CodeCache: size=49152Kb used=12734Kb max_used=12734Kb free=36417Kb
 bounds [0x0000022ab9770000, 0x0000022aba3e0000, 0x0000022abc770000]
 total_blobs=6534 nmethods=5872 adapters=583
 compilation: enabled
              stopped_count=0, restarted_count=0
 full_count=0

Compilation events (20 events):
Event: 7.560 Thread 0x0000022ac8921080 5863       1       java.lang.Thread::checkAccess (14 bytes)
Event: 7.560 Thread 0x0000022ac8921080 nmethod 5863 0x0000022aba3dbe90 code [0x0000022aba3dc020, 0x0000022aba3dc0d8]
Event: 7.561 Thread 0x0000022ac9bf63c0 5864       1       java.lang.ThreadGroup::getMaxPriority (5 bytes)
Event: 7.561 Thread 0x0000022ac9bf63c0 nmethod 5864 0x0000022aba3dc190 code [0x0000022aba3dc320, 0x0000022aba3dc3d8]
Event: 7.561 Thread 0x0000022ac8921080 5865       1       sun.nio.fs.WindowsException::<init> (15 bytes)
Event: 7.561 Thread 0x0000022ac45ce5a0 5866       1       sun.nio.fs.WindowsException::fillInStackTrace (2 bytes)
Event: 7.561 Thread 0x0000022ac45ce5a0 nmethod 5866 0x0000022aba3dc490 code [0x0000022aba3dc620, 0x0000022aba3dc6d8]
Event: 7.561 Thread 0x0000022ac8921080 nmethod 5865 0x0000022aba3dc790 code [0x0000022aba3dc940, 0x0000022aba3dcb78]
Event: 7.562 Thread 0x0000022ac9bf63c0 5867       1       java.io.IOException::<init> (6 bytes)
Event: 7.562 Thread 0x0000022ac9bf63c0 nmethod 5867 0x0000022aba3dcc10 code [0x0000022aba3dcda0, 0x0000022aba3dce88]
Event: 7.562 Thread 0x0000022ac8921600 5868   !   1       sun.nio.fs.WindowsDirectoryStream::<init> (175 bytes)
Event: 7.562 Thread 0x0000022ac45ce5a0 5869       1       sun.nio.fs.WindowsException::rethrowAsIOException (39 bytes)
Event: 7.562 Thread 0x0000022ac9bf63c0 5870       1       sun.nio.fs.WindowsException::translateToIOException (109 bytes)
Event: 7.562 Thread 0x0000022ac8921080 5871       1       java.nio.file.NoSuchFileException::<init> (8 bytes)
Event: 7.562 Thread 0x0000022ac45ce5a0 nmethod 5869 0x0000022aba3dcf10 code [0x0000022aba3dd0c0, 0x0000022aba3dd1c8]
Event: 7.562 Thread 0x0000022ac8921080 nmethod 5871 0x0000022aba3dd310 code [0x0000022aba3dd4c0, 0x0000022aba3dd668]
Event: 7.562 Thread 0x0000022ac8921080 5872       1       java.nio.file.FileSystemException::<init> (16 bytes)
Event: 7.562 Thread 0x0000022ac8921080 nmethod 5872 0x0000022aba3dd710 code [0x0000022aba3dd8c0, 0x0000022aba3dda68]
Event: 7.563 Thread 0x0000022ac9bf63c0 nmethod 5870 0x0000022aba3ddb10 code [0x0000022aba3ddd40, 0x0000022aba3de388]
Event: 7.563 Thread 0x0000022ac8921600 nmethod 5868 0x0000022aba3de610 code [0x0000022aba3de8c0, 0x0000022aba3df2a8]

GC Heap History (20 events):
Event: 5.491 GC heap after
{Heap after GC invocations=11 (full 0):
 garbage-first heap   total 86016K, used 25559K [0x0000000082800000, 0x0000000100000000)
  region size 1024K, 5 young (5120K), 5 survivors (5120K)
 Metaspace       used 45717K, committed 46272K, reserved 1114112K
  class space    used 6151K, committed 6400K, reserved 1048576K
}
Event: 5.507 GC heap before
{Heap before GC invocations=11 (full 0):
 garbage-first heap   total 86016K, used 26583K [0x0000000082800000, 0x0000000100000000)
  region size 1024K, 6 young (6144K), 5 survivors (5120K)
 Metaspace       used 45945K, committed 46528K, reserved 1114112K
  class space    used 6182K, committed 6464K, reserved 1048576K
}
Event: 5.511 GC heap after
{Heap after GC invocations=12 (full 0):
 garbage-first heap   total 86016K, used 26115K [0x0000000082800000, 0x0000000100000000)
  region size 1024K, 1 young (1024K), 1 survivors (1024K)
 Metaspace       used 45945K, committed 46528K, reserved 1114112K
  class space    used 6182K, committed 6464K, reserved 1048576K
}
Event: 6.245 GC heap before
{Heap before GC invocations=12 (full 0):
 garbage-first heap   total 86016K, used 64003K [0x0000000082800000, 0x0000000100000000)
  region size 1024K, 39 young (39936K), 1 survivors (1024K)
 Metaspace       used 54485K, committed 55104K, reserved 1114112K
  class space    used 7581K, committed 7872K, reserved 1048576K
}
Event: 6.247 GC heap after
{Heap after GC invocations=13 (full 0):
 garbage-first heap   total 86016K, used 27081K [0x0000000082800000, 0x0000000100000000)
  region size 1024K, 2 young (2048K), 2 survivors (2048K)
 Metaspace       used 54485K, committed 55104K, reserved 1114112K
  class space    used 7581K, committed 7872K, reserved 1048576K
}
Event: 6.618 GC heap before
{Heap before GC invocations=13 (full 0):
 garbage-first heap   total 86016K, used 58825K [0x0000000082800000, 0x0000000100000000)
  region size 1024K, 34 young (34816K), 2 survivors (2048K)
 Metaspace       used 59978K, committed 60608K, reserved 1114112K
  class space    used 8274K, committed 8576K, reserved 1048576K
}
Event: 6.623 GC heap after
{Heap after GC invocations=14 (full 0):
 garbage-first heap   total 86016K, used 30183K [0x0000000082800000, 0x0000000100000000)
  region size 1024K, 5 young (5120K), 5 survivors (5120K)
 Metaspace       used 59978K, committed 60608K, reserved 1114112K
  class space    used 8274K, committed 8576K, reserved 1048576K
}
Event: 6.952 GC heap before
{Heap before GC invocations=15 (full 0):
 garbage-first heap   total 86016K, used 66023K [0x0000000082800000, 0x0000000100000000)
  region size 1024K, 40 young (40960K), 5 survivors (5120K)
 Metaspace       used 63063K, committed 63808K, reserved 1114112K
  class space    used 8728K, committed 9088K, reserved 1048576K
}
Event: 6.958 GC heap after
{Heap after GC invocations=16 (full 0):
 garbage-first heap   total 86016K, used 32843K [0x0000000082800000, 0x0000000100000000)
  region size 1024K, 3 young (3072K), 3 survivors (3072K)
 Metaspace       used 63063K, committed 63808K, reserved 1114112K
  class space    used 8728K, committed 9088K, reserved 1048576K
}
Event: 7.197 GC heap before
{Heap before GC invocations=16 (full 0):
 garbage-first heap   total 86016K, used 67659K [0x0000000082800000, 0x0000000100000000)
  region size 1024K, 36 young (36864K), 3 survivors (3072K)
 Metaspace       used 65094K, committed 65792K, reserved 1114112K
  class space    used 8981K, committed 9344K, reserved 1048576K
}
Event: 7.203 GC heap after
{Heap after GC invocations=17 (full 0):
 garbage-first heap   total 86016K, used 38580K [0x0000000082800000, 0x0000000100000000)
  region size 1024K, 5 young (5120K), 5 survivors (5120K)
 Metaspace       used 65094K, committed 65792K, reserved 1114112K
  class space    used 8981K, committed 9344K, reserved 1048576K
}
Event: 7.250 GC heap before
{Heap before GC invocations=17 (full 0):
 garbage-first heap   total 86016K, used 66228K [0x0000000082800000, 0x0000000100000000)
  region size 1024K, 33 young (33792K), 5 survivors (5120K)
 Metaspace       used 65094K, committed 65792K, reserved 1114112K
  class space    used 8981K, committed 9344K, reserved 1048576K
}
Event: 7.257 GC heap after
{Heap after GC invocations=18 (full 0):
 garbage-first heap   total 145408K, used 43467K [0x0000000082800000, 0x0000000100000000)
  region size 1024K, 5 young (5120K), 5 survivors (5120K)
 Metaspace       used 65094K, committed 65792K, reserved 1114112K
  class space    used 8981K, committed 9344K, reserved 1048576K
}
Event: 7.377 GC heap before
{Heap before GC invocations=18 (full 0):
 garbage-first heap   total 145408K, used 105931K [0x0000000082800000, 0x0000000100000000)
  region size 1024K, 66 young (67584K), 5 survivors (5120K)
 Metaspace       used 65201K, committed 65920K, reserved 1114112K
  class space    used 8996K, committed 9344K, reserved 1048576K
}
Event: 7.390 GC heap after
{Heap after GC invocations=19 (full 0):
 garbage-first heap   total 145408K, used 59204K [0x0000000082800000, 0x0000000100000000)
  region size 1024K, 9 young (9216K), 9 survivors (9216K)
 Metaspace       used 65201K, committed 65920K, reserved 1114112K
  class space    used 8996K, committed 9344K, reserved 1048576K
}
Event: 7.465 GC heap before
{Heap before GC invocations=19 (full 0):
 garbage-first heap   total 145408K, used 107332K [0x0000000082800000, 0x0000000100000000)
  region size 1024K, 56 young (57344K), 9 survivors (9216K)
 Metaspace       used 65214K, committed 65920K, reserved 1114112K
  class space    used 8999K, committed 9344K, reserved 1048576K
}
Event: 7.477 GC heap after
{Heap after GC invocations=20 (full 0):
 garbage-first heap   total 145408K, used 72938K [0x0000000082800000, 0x0000000100000000)
  region size 1024K, 7 young (7168K), 7 survivors (7168K)
 Metaspace       used 65214K, committed 65920K, reserved 1114112K
  class space    used 8999K, committed 9344K, reserved 1048576K
}
Event: 7.523 GC heap before
{Heap before GC invocations=20 (full 0):
 garbage-first heap   total 145408K, used 108778K [0x0000000082800000, 0x0000000100000000)
  region size 1024K, 43 young (44032K), 7 survivors (7168K)
 Metaspace       used 65214K, committed 65920K, reserved 1114112K
  class space    used 8999K, committed 9344K, reserved 1048576K
}
Event: 7.534 GC heap after
{Heap after GC invocations=21 (full 0):
 garbage-first heap   total 145408K, used 83902K [0x0000000082800000, 0x0000000100000000)
  region size 1024K, 6 young (6144K), 6 survivors (6144K)
 Metaspace       used 65214K, committed 65920K, reserved 1114112K
  class space    used 8999K, committed 9344K, reserved 1048576K
}
Event: 7.601 GC heap before
{Heap before GC invocations=21 (full 0):
 garbage-first heap   total 160768K, used 109502K [0x0000000082800000, 0x0000000100000000)
  region size 1024K, 34 young (34816K), 6 survivors (6144K)
 Metaspace       used 65215K, committed 65920K, reserved 1114112K
  class space    used 8999K, committed 9344K, reserved 1048576K
}

Dll operation events (14 events):
Event: 0.007 Loaded shared library C:\Users\Asus\.jdks\corretto-19.0.2\bin\java.dll
Event: 0.014 Loaded shared library C:\Users\Asus\.jdks\corretto-19.0.2\bin\jsvml.dll
Event: 0.170 Loaded shared library C:\Users\Asus\.jdks\corretto-19.0.2\bin\zip.dll
Event: 0.171 Loaded shared library C:\Users\Asus\.jdks\corretto-19.0.2\bin\instrument.dll
Event: 0.175 Loaded shared library C:\Users\Asus\.jdks\corretto-19.0.2\bin\net.dll
Event: 0.176 Loaded shared library C:\Users\Asus\.jdks\corretto-19.0.2\bin\nio.dll
Event: 0.179 Loaded shared library C:\Users\Asus\.jdks\corretto-19.0.2\bin\zip.dll
Event: 1.207 Loaded shared library C:\Users\Asus\.jdks\corretto-19.0.2\bin\jimage.dll
Event: 1.733 Loaded shared library D:\Documents\IntelliJ IDEA 2022.3.1\bin\breakgen64.dll
Event: 1.742 Loaded shared library C:\Users\Asus\.jdks\corretto-19.0.2\bin\extnet.dll
Event: 1.749 Loaded shared library C:\Users\Asus\.jdks\corretto-19.0.2\bin\management.dll
Event: 1.756 Loaded shared library C:\Users\Asus\.jdks\corretto-19.0.2\bin\management_ext.dll
Event: 1.971 Loaded shared library C:\Users\Asus\.jdks\corretto-19.0.2\bin\verify.dll
Event: 4.263 Loaded shared library C:\Users\Asus\.jdks\corretto-19.0.2\bin\sunmscapi.dll

Deoptimization events (16 events):
Event: 1.826 Thread 0x0000022aafdba710 DEOPT PACKING pc=0x0000022ab9add555 sp=0x000000a5349fcf90
Event: 1.826 Thread 0x0000022aafdba710 DEOPT UNPACKING pc=0x0000022ab97d7543 sp=0x000000a5349fc440 mode 3
Event: 1.835 Thread 0x0000022aafdba710 DEOPT PACKING pc=0x0000022ab9af6d50 sp=0x000000a5349fcf60
Event: 1.835 Thread 0x0000022aafdba710 DEOPT UNPACKING pc=0x0000022ab97d7543 sp=0x000000a5349fc418 mode 3
Event: 2.689 Thread 0x0000022aafdba710 DEOPT PACKING pc=0x0000022ab9d78139 sp=0x000000a5349fcd00
Event: 2.689 Thread 0x0000022aafdba710 DEOPT UNPACKING pc=0x0000022ab97d7543 sp=0x000000a5349fc1e0 mode 3
Event: 3.891 Thread 0x0000022aafdba710 DEOPT PACKING pc=0x0000022ab9fe5ab9 sp=0x000000a5349fdcc0
Event: 3.891 Thread 0x0000022aafdba710 DEOPT UNPACKING pc=0x0000022ab97d7543 sp=0x000000a5349fd1a0 mode 3
Event: 4.356 Thread 0x0000022aafdba710 DEOPT PACKING pc=0x0000022aba07c91d sp=0x000000a5349fc5c0
Event: 4.356 Thread 0x0000022aafdba710 DEOPT UNPACKING pc=0x0000022ab97d7543 sp=0x000000a5349fbb28 mode 3
Event: 6.438 Thread 0x0000022aafdba710 DEOPT PACKING pc=0x0000022ab9d96b24 sp=0x000000a5349fb7d0
Event: 6.438 Thread 0x0000022aafdba710 DEOPT UNPACKING pc=0x0000022ab97d7543 sp=0x000000a5349fad28 mode 0
Event: 6.574 Thread 0x0000022aafdba710 DEOPT PACKING pc=0x0000022ab9d88b42 sp=0x000000a5349fcb60
Event: 6.574 Thread 0x0000022aafdba710 DEOPT UNPACKING pc=0x0000022ab97d7543 sp=0x000000a5349fc068 mode 3
Event: 7.150 Thread 0x0000022aafdba710 DEOPT PACKING pc=0x0000022aba2e647b sp=0x000000a5349fb930
Event: 7.150 Thread 0x0000022aafdba710 DEOPT UNPACKING pc=0x0000022ab97d7543 sp=0x000000a5349fae78 mode 3

Classes loaded (20 events):
Event: 7.125 Loading class java/lang/LayerInstantiationException
Event: 7.125 Loading class java/lang/LayerInstantiationException done
Event: 7.125 Loading class jdk/internal/loader/Loader
Event: 7.126 Loading class jdk/internal/loader/Loader done
Event: 7.133 Loading class java/io/IOError
Event: 7.133 Loading class java/io/IOError done
Event: 7.141 Loading class java/util/AbstractMap$SimpleEntry
Event: 7.141 Loading class java/util/AbstractMap$SimpleEntry done
Event: 7.163 Loading class sun/nio/fs/WindowsLinkSupport
Event: 7.163 Loading class sun/nio/fs/WindowsLinkSupport done
Event: 7.173 Loading class java/nio/channels/spi/AbstractInterruptibleChannel$1
Event: 7.173 Loading class sun/nio/ch/Interruptible
Event: 7.173 Loading class sun/nio/ch/Interruptible done
Event: 7.173 Loading class java/nio/channels/spi/AbstractInterruptibleChannel$1 done
Event: 7.174 Loading class java/nio/ReadOnlyBufferException
Event: 7.174 Loading class java/nio/ReadOnlyBufferException done
Event: 7.176 Loading class java/util/zip/DataFormatException
Event: 7.176 Loading class java/util/zip/DataFormatException done
Event: 7.291 Loading class java/util/concurrent/atomic/Striped64$Cell
Event: 7.291 Loading class java/util/concurrent/atomic/Striped64$Cell done

Classes unloaded (0 events):
No events

Classes redefined (0 events):
No events

Internal exceptions (20 events):
Event: 7.562 Thread 0x0000022aca4ac080 Exception <a 'sun/nio/fs/WindowsException'{0x000000008b237c98}> (0x000000008b237c98) 
thrown [s\src\hotspot\share\prims\jni.cpp, line 517]
Event: 7.562 Thread 0x0000022aca4ac080 Exception <a 'sun/nio/fs/WindowsException'{0x000000008b238108}> (0x000000008b238108) 
thrown [s\src\hotspot\share\prims\jni.cpp, line 517]
Event: 7.562 Thread 0x0000022acb707ad0 Exception <a 'sun/nio/fs/WindowsException'{0x000000008b22cb28}> (0x000000008b22cb28) 
thrown [s\src\hotspot\share\prims\jni.cpp, line 517]
Event: 7.562 Thread 0x0000022acb707ad0 Exception <a 'sun/nio/fs/WindowsException'{0x000000008b22cf88}> (0x000000008b22cf88) 
thrown [s\src\hotspot\share\prims\jni.cpp, line 517]
Event: 7.562 Thread 0x0000022acb707ad0 Exception <a 'sun/nio/fs/WindowsException'{0x000000008b22da08}> (0x000000008b22da08) 
thrown [s\src\hotspot\share\prims\jni.cpp, line 517]
Event: 7.562 Thread 0x0000022acb707ad0 Exception <a 'sun/nio/fs/WindowsException'{0x000000008b22de38}> (0x000000008b22de38) 
thrown [s\src\hotspot\share\prims\jni.cpp, line 517]
Event: 7.562 Thread 0x0000022acb707ad0 Exception <a 'sun/nio/fs/WindowsException'{0x000000008b22e890}> (0x000000008b22e890) 
thrown [s\src\hotspot\share\prims\jni.cpp, line 517]
Event: 7.562 Thread 0x0000022acb707ad0 Exception <a 'sun/nio/fs/WindowsException'{0x000000008b22ec80}> (0x000000008b22ec80) 
thrown [s\src\hotspot\share\prims\jni.cpp, line 517]
Event: 7.562 Thread 0x0000022acb707ad0 Exception <a 'sun/nio/fs/WindowsException'{0x000000008b22f6e8}> (0x000000008b22f6e8) 
thrown [s\src\hotspot\share\prims\jni.cpp, line 517]
Event: 7.562 Thread 0x0000022acb707ad0 Exception <a 'sun/nio/fs/WindowsException'{0x000000008b22faf8}> (0x000000008b22faf8) 
thrown [s\src\hotspot\share\prims\jni.cpp, line 517]
Event: 7.562 Thread 0x0000022acb707ad0 Exception <a 'sun/nio/fs/WindowsException'{0x000000008b230550}> (0x000000008b230550) 
thrown [s\src\hotspot\share\prims\jni.cpp, line 517]
Event: 7.562 Thread 0x0000022acb707ad0 Exception <a 'sun/nio/fs/WindowsException'{0x000000008b28a370}> (0x000000008b28a370) 
thrown [s\src\hotspot\share\prims\jni.cpp, line 517]
Event: 7.563 Thread 0x0000022acb707ad0 Exception <a 'sun/nio/fs/WindowsException'{0x000000008b28add8}> (0x000000008b28add8) 
thrown [s\src\hotspot\share\prims\jni.cpp, line 517]
Event: 7.563 Thread 0x0000022acb707ad0 Exception <a 'sun/nio/fs/WindowsException'{0x000000008b28b1e8}> (0x000000008b28b1e8) 
thrown [s\src\hotspot\share\prims\jni.cpp, line 517]
Event: 7.563 Thread 0x0000022acb707ad0 Exception <a 'sun/nio/fs/WindowsException'{0x000000008b28bc68}> (0x000000008b28bc68) 
thrown [s\src\hotspot\share\prims\jni.cpp, line 517]
Event: 7.563 Thread 0x0000022acb707ad0 Exception <a 'sun/nio/fs/WindowsException'{0x000000008b28c098}> (0x000000008b28c098) 
thrown [s\src\hotspot\share\prims\jni.cpp, line 517]
Event: 7.563 Thread 0x0000022acb707ad0 Exception <a 'sun/nio/fs/WindowsException'{0x000000008b28cb30}> (0x000000008b28cb30) 
thrown [s\src\hotspot\share\prims\jni.cpp, line 517]
Event: 7.563 Thread 0x0000022acb707ad0 Exception <a 'sun/nio/fs/WindowsException'{0x000000008b28cf78}> (0x000000008b28cf78) 
thrown [s\src\hotspot\share\prims\jni.cpp, line 517]
Event: 7.563 Thread 0x0000022acb707ad0 Exception <a 'sun/nio/fs/WindowsException'{0x000000008b28da08}> (0x000000008b28da08) 
thrown [s\src\hotspot\share\prims\jni.cpp, line 517]
Event: 7.563 Thread 0x0000022acb707ad0 Exception <a 'sun/nio/fs/WindowsException'{0x000000008b28de48}> (0x000000008b28de48) 
thrown [s\src\hotspot\share\prims\jni.cpp, line 517]

VM Operations (20 events):
Event: 7.024 Executing VM operation: HandshakeAllThreads done
Event: 7.024 Executing VM operation: HandshakeAllThreads
Event: 7.025 Executing VM operation: HandshakeAllThreads done
Event: 7.025 Executing VM operation: HandshakeAllThreads
Event: 7.025 Executing VM operation: HandshakeAllThreads done
Event: 7.197 Executing VM operation: G1CollectForAllocation
Event: 7.204 Executing VM operation: G1CollectForAllocation done
Event: 7.250 Executing VM operation: G1CollectForAllocation
Event: 7.258 Executing VM operation: G1CollectForAllocation done
Event: 7.293 Executing VM operation: HandshakeAllThreads
Event: 7.293 Executing VM operation: HandshakeAllThreads done
Event: 7.377 Executing VM operation: G1CollectForAllocation
Event: 7.391 Executing VM operation: G1CollectForAllocation done
Event: 7.465 Executing VM operation: G1CollectForAllocation
Event: 7.479 Executing VM operation: G1CollectForAllocation done
Event: 7.522 Executing VM operation: G1CollectForAllocation
Event: 7.534 Executing VM operation: G1CollectForAllocation done
Event: 7.582 Executing VM operation: G1PauseRemark
Event: 7.584 Executing VM operation: G1PauseRemark done
Event: 7.601 Executing VM operation: G1CollectForAllocation

Events (20 events):
Event: 7.537 Thread 0x0000022acb703070 Thread exited: 0x0000022acb703070
Event: 7.537 Thread 0x0000022acb707580 Thread exited: 0x0000022acb707580
Event: 7.537 Thread 0x0000022aca4ac080 Thread exited: 0x0000022aca4ac080
Event: 7.537 Thread 0x0000022aca4ab090 Thread exited: 0x0000022aca4ab090
Event: 7.537 Thread 0x0000022acb708570 Thread exited: 0x0000022acb708570
Event: 7.537 Thread 0x0000022acb708ac0 Thread exited: 0x0000022acb708ac0
Event: 7.559 Thread 0x0000022aca4ab090 Thread added: 0x0000022aca4ab090
Event: 7.559 Thread 0x0000022aca4abb30 Thread added: 0x0000022aca4abb30
Event: 7.559 Thread 0x0000022aca4ac080 Thread added: 0x0000022aca4ac080
Event: 7.560 Thread 0x0000022aca4ac5d0 Thread added: 0x0000022aca4ac5d0
Event: 7.560 Thread 0x0000022aca4acb20 Thread added: 0x0000022aca4acb20
Event: 7.560 Thread 0x0000022aca4ad070 Thread added: 0x0000022aca4ad070
Event: 7.560 Thread 0x0000022acb708ac0 Thread added: 0x0000022acb708ac0
Event: 7.560 Thread 0x0000022acb707ad0 Thread added: 0x0000022acb707ad0
Event: 7.561 Thread 0x0000022acb703b10 Thread added: 0x0000022acb703b10
Event: 7.561 Thread 0x0000022acb701090 Thread added: 0x0000022acb701090
Event: 7.561 Thread 0x0000022acb707030 Thread added: 0x0000022acb707030
Event: 7.561 Thread 0x0000022acb704060 Thread added: 0x0000022acb704060
Event: 7.561 Thread 0x0000022acb706590 Thread added: 0x0000022acb706590
Event: 7.563 Thread 0x0000022acb7015e0 Thread added: 0x0000022acb7015e0


Dynamic libraries:
0x00007ff7c82b0000 - 0x00007ff7c82bd000 	C:\Users\Asus\.jdks\corretto-19.0.2\bin\java.exe
0x00007ff863670000 - 0x00007ff863887000 	C:\WINDOWS\SYSTEM32\ntdll.dll
0x00007ff8628f0000 - 0x00007ff8629b4000 	C:\WINDOWS\System32\KERNEL32.DLL
0x00007ff860dd0000 - 0x00007ff861176000 	C:\WINDOWS\System32\KERNELBASE.dll
0x00007ff8609f0000 - 0x00007ff860b01000 	C:\WINDOWS\System32\ucrtbase.dll
0x00007ff85b0f0000 - 0x00007ff85b105000 	C:\Users\Asus\.jdks\corretto-19.0.2\bin\VCRUNTIME140.dll
0x00007ff85acb0000 - 0x00007ff85acc7000 	C:\Users\Asus\.jdks\corretto-19.0.2\bin\jli.dll
0x00007ff861e00000 - 0x00007ff861fad000 	C:\WINDOWS\System32\USER32.dll
0x00007ff84a8c0000 - 0x00007ff84ab53000 	C:\WINDOWS\WinSxS\amd64_microsoft.windows.common-controls_6595b64144ccf1df_6.0.22621.2361_none_2712ced57382f843\COMCTL32.dll
0x00007ff860c80000 - 0x00007ff860ca6000 	C:\WINDOWS\System32\win32u.dll
0x00007ff862df0000 - 0x00007ff862e97000 	C:\WINDOWS\System32\msvcrt.dll
0x00007ff862db0000 - 0x00007ff862dd9000 	C:\WINDOWS\System32\GDI32.dll
0x00007ff8612b0000 - 0x00007ff8613c8000 	C:\WINDOWS\System32\gdi32full.dll
0x00007ff860d30000 - 0x00007ff860dca000 	C:\WINDOWS\System32\msvcp_win.dll
0x00007ff863490000 - 0x00007ff8634c1000 	C:\WINDOWS\System32\IMM32.DLL
0x00007ff82bb10000 - 0x00007ff82bbab000 	C:\Users\Asus\.jdks\corretto-19.0.2\bin\msvcp140.dll
0x00007ff80c110000 - 0x00007ff80cde9000 	C:\Users\Asus\.jdks\corretto-19.0.2\bin\server\jvm.dll
0x00007ff861cc0000 - 0x00007ff861d70000 	C:\WINDOWS\System32\ADVAPI32.dll
0x00007ff862ea0000 - 0x00007ff862f46000 	C:\WINDOWS\System32\sechost.dll
0x00007ff8614d0000 - 0x00007ff8615e7000 	C:\WINDOWS\System32\RPCRT4.dll
0x00007ff85ab80000 - 0x00007ff85abb4000 	C:\WINDOWS\SYSTEM32\WINMM.dll
0x00007ff84f490000 - 0x00007ff84f499000 	C:\WINDOWS\SYSTEM32\WSOCK32.dll
0x00007ff862c70000 - 0x00007ff862ce1000 	C:\WINDOWS\System32\WS2_32.dll
0x00007ff858b80000 - 0x00007ff858b8a000 	C:\WINDOWS\SYSTEM32\VERSION.dll
0x00007ff85f990000 - 0x00007ff85f9a8000 	C:\WINDOWS\SYSTEM32\kernel.appcore.dll
0x00007ff85be80000 - 0x00007ff85be8a000 	C:\Users\Asus\.jdks\corretto-19.0.2\bin\jimage.dll
0x00007ff85dca0000 - 0x00007ff85dece000 	C:\WINDOWS\SYSTEM32\DBGHELP.DLL
0x00007ff863100000 - 0x00007ff86348a000 	C:\WINDOWS\System32\combase.dll
0x00007ff861a90000 - 0x00007ff861b67000 	C:\WINDOWS\System32\OLEAUT32.dll
0x00007ff841050000 - 0x00007ff841082000 	C:\WINDOWS\SYSTEM32\dbgcore.DLL
0x00007ff860cb0000 - 0x00007ff860d2a000 	C:\WINDOWS\System32\bcryptPrimitives.dll
0x00007ff85bd00000 - 0x00007ff85bd0e000 	C:\Users\Asus\.jdks\corretto-19.0.2\bin\instrument.dll
0x00007ff84f380000 - 0x00007ff84f3a6000 	C:\Users\Asus\.jdks\corretto-19.0.2\bin\java.dll
0x00007ff82ba30000 - 0x00007ff82bb06000 	C:\Users\Asus\.jdks\corretto-19.0.2\bin\jsvml.dll
0x00007ff861fb0000 - 0x00007ff862808000 	C:\WINDOWS\System32\SHELL32.dll
0x00007ff85e900000 - 0x00007ff85f1f2000 	C:\WINDOWS\SYSTEM32\windows.storage.dll
0x00007ff85e7c0000 - 0x00007ff85e8fe000 	C:\WINDOWS\SYSTEM32\wintypes.dll
0x00007ff8613d0000 - 0x00007ff8614c3000 	C:\WINDOWS\System32\SHCORE.dll
0x00007ff862c10000 - 0x00007ff862c6e000 	C:\WINDOWS\System32\shlwapi.dll
0x00007ff860920000 - 0x00007ff860946000 	C:\WINDOWS\SYSTEM32\profapi.dll
0x00007ff85ac10000 - 0x00007ff85ac28000 	C:\Users\Asus\.jdks\corretto-19.0.2\bin\zip.dll
0x00007ff84f520000 - 0x00007ff84f533000 	C:\Users\Asus\.jdks\corretto-19.0.2\bin\net.dll
0x00007ff858de0000 - 0x00007ff858f17000 	C:\WINDOWS\SYSTEM32\WINHTTP.dll
0x00007ff85fe60000 - 0x00007ff85fec9000 	C:\WINDOWS\system32\mswsock.dll
0x00007ff84da60000 - 0x00007ff84da75000 	C:\Users\Asus\.jdks\corretto-19.0.2\bin\nio.dll
0x00007ff85ad80000 - 0x00007ff85ad9a000 	D:\Documents\IntelliJ IDEA 2022.3.1\bin\breakgen64.dll
0x00007ff85f4d0000 - 0x00007ff85f5c9000 	C:\WINDOWS\SYSTEM32\DNSAPI.dll
0x00007ff85f4a0000 - 0x00007ff85f4cd000 	C:\WINDOWS\SYSTEM32\IPHLPAPI.DLL
0x00007ff8630f0000 - 0x00007ff8630f9000 	C:\WINDOWS\System32\NSI.dll
0x00007ff84f3d0000 - 0x00007ff84f3d8000 	C:\Users\Asus\.jdks\corretto-19.0.2\bin\extnet.dll
0x00007ff856b00000 - 0x00007ff856b0a000 	C:\Windows\System32\rasadhlp.dll
0x00007ff8589a0000 - 0x00007ff858a24000 	C:\WINDOWS\System32\fwpuclnt.dll
0x00007ff85b270000 - 0x00007ff85b279000 	C:\Users\Asus\.jdks\corretto-19.0.2\bin\management.dll
0x00007ff84f5a0000 - 0x00007ff84f5ab000 	C:\Users\Asus\.jdks\corretto-19.0.2\bin\management_ext.dll
0x00007ff862de0000 - 0x00007ff862de8000 	C:\WINDOWS\System32\PSAPI.DLL
0x00007ff860180000 - 0x00007ff86019b000 	C:\WINDOWS\SYSTEM32\CRYPTSP.dll
0x00007ff85f950000 - 0x00007ff85f985000 	C:\WINDOWS\system32\rsaenh.dll
0x00007ff85ff00000 - 0x00007ff85ff2c000 	C:\WINDOWS\SYSTEM32\USERENV.dll
0x00007ff8602c0000 - 0x00007ff8602e8000 	C:\WINDOWS\SYSTEM32\bcrypt.dll
0x00007ff860160000 - 0x00007ff86016c000 	C:\WINDOWS\SYSTEM32\CRYPTBASE.dll
0x00007ff858dc0000 - 0x00007ff858dd9000 	C:\WINDOWS\SYSTEM32\dhcpcsvc6.DLL
0x00007ff858da0000 - 0x00007ff858dbf000 	C:\WINDOWS\SYSTEM32\dhcpcsvc.DLL
0x00007ff802e30000 - 0x00007ff802e47000 	C:\WINDOWS\system32\napinsp.dll
0x00007ff802e10000 - 0x00007ff802e2b000 	C:\WINDOWS\system32\pnrpnsp.dll
0x00007ff802df0000 - 0x00007ff802e01000 	C:\WINDOWS\System32\winrnr.dll
0x00007ff8308d0000 - 0x00007ff8308e5000 	C:\WINDOWS\system32\wshbth.dll
0x00007ff803030000 - 0x00007ff803051000 	C:\WINDOWS\system32\nlansp_c.dll
0x00007ff85bcd0000 - 0x00007ff85bce0000 	C:\Users\Asus\.jdks\corretto-19.0.2\bin\verify.dll
0x00007ff84dbf0000 - 0x00007ff84dbfe000 	C:\Users\Asus\.jdks\corretto-19.0.2\bin\sunmscapi.dll
0x00007ff860b10000 - 0x00007ff860c76000 	C:\WINDOWS\System32\CRYPT32.dll
0x00007ff860290000 - 0x00007ff8602bd000 	C:\WINDOWS\SYSTEM32\ncrypt.dll
0x00007ff860250000 - 0x00007ff860287000 	C:\WINDOWS\SYSTEM32\NTASN1.dll

dbghelp: loaded successfully - version: 4.0.5 - missing functions: none
symbol engine: initialized successfully - sym options: 0x614 - pdb path: .;C:\Users\Asus\.jdks\corretto-19.0.2\bin;C:\WINDOWS\SYSTEM32;C:\WINDOWS\WinSxS\amd64_microsoft.windows.common-controls_6595b64144ccf1df_6.0.22621.2361_none_2712ced57382f843;C:\Users\Asus\.jdks\corretto-19.0.2\bin\server;D:\Documents\IntelliJ IDEA 2022.3.1\bin

VM Arguments:
jvm_args: -XX:TieredStopAtLevel=1 -Dspring.output.ansi.enabled=always -Dcom.sun.management.jmxremote -Dspring.jmx.enabled=true -Dspring.liveBeansView.mbeanDomain -Dspring.application.admin.enabled=true -Dmanagement.endpoints.jmx.exposure.include=* -javaagent:D:\Documents\IntelliJ IDEA 2022.3.1\lib\idea_rt.jar=60594:D:\Documents\IntelliJ IDEA 2022.3.1\bin -Dfile.encoding=UTF-8 -Dsun.stdout.encoding=UTF-8 -Dsun.stderr.encoding=UTF-8 
java_command: com.example.TelegramApplication
java_class_path (initial): D:\Java_HRD\SPRING\SPRING-ADVANCED\FinalProject_2\spring_microservice_fin_track_api\telegram-service\build\classes\java\main;D:\Java_HRD\SPRING\SPRING-ADVANCED\FinalProject_2\spring_microservice_fin_track_api\telegram-service\build\resources\main;C:\Users\Asus\.gradle\caches\modules-2\files-2.1\org.projectlombok\lombok\1.18.30\f195ee86e6c896ea47a1d39defbe20eb59cd149d\lombok-1.18.30.jar;C:\Users\Asus\.gradle\caches\modules-2\files-2.1\org.springframework.kafka\spring-kafka\3.0.11\8b93bea478da5f83629a054f51db38e50c7758d0\spring-kafka-3.0.11.jar;C:\Users\Asus\.gradle\caches\modules-2\files-2.1\org.springframework.boot\spring-boot-starter-web\3.1.4\a0da0751207173c93f9e92e74cae430b53544576\spring-boot-starter-web-3.1.4.jar;C:\Users\Asus\.gradle\caches\modules-2\files-2.1\org.springdoc\springdoc-openapi-starter-webmvc-ui\2.0.2\264da79c9d4a53feab8c5c6d0e0cb143bd099d4\springdoc-openapi-starter-webmvc-ui-2.0.2.jar;D:\Java_HRD\SPRING\SPRING-ADVANCED\FinalProject_2\spring_microservice_fin_track_api\common\build\classes\java\main;C:\Users\Asus\.gradle\caches\modules-2\files-2.1\org.telegram\telegrambots\6.8.0\bca493b89e04342f143cb30c6113b2a6df5d9174\telegrambots-6.8.0.jar;C:\Users\Asus\.gradle\caches\modules-2\files-2.1\org.springframework.boot\spring-boot-starter-webflux\3.1.4\5a4ffbb893cd0525bf7a5fcaebeab4cd1ee83dd6\spring-boot-starter-webflux-3.1.4.jar;C:\Users\Asus\.gradle\caches\modules-2\files-2.1\com.vdurmont\emoji-java\5.1.1\5b5896190e12110584f1e9e09eff376565a92626\emoji-java-5.1.1.jar;C:\Users\Asus\.gradle\caches\modules-2\files-2.1\org.springframework.boot\spring-boot-starter-data-jpa\3.1.4\f01d5f2ecbfef3159879c4a8450b49620ffb96c\spring-boot-starter-data-jpa-3.1.4.jar;C:\Users\Asus\.gradle\caches\modules-2\files-2.1\org.springframework.boot\spring-boot-starter-oauth2-client\3.1.4\2ba93b2faac3e0e2aa59145549ff747ed08c19f3\spring-boot-starter-oauth2-client-3.1.4.jar;C:\Users\Asus\.gradle\caches\modules-2\files-2.1\org.springframework.boot\spring-boot-starter-oauth2-resource-server\3.1.4\767dc896572b6536998d61bf88bd85e579679071\spring-boot-starter-oauth2-resource-server-3.1.4.jar;C:\Users\Asus\.gradle\caches\modules-2\files-2.1\org.keycloak\keycloak-admin-client\22.0.1\c7ba2ca084792a7c1b8698f6936c58e609c8bb84\keycloak-admin-client-22.0.1.jar;C:\Users\Asus\.gradle\caches\modules-2\files-2.1\org.springframework\spring-context\6.0.12\f1964518e07796b2fdc1b9be2108485ffe1b4566\spring-context-6.0.12.jar;C:\Users\Asus\.gradle\caches\modules-2\files-2.1\org.springframework\spring-messaging\6.0.12\cef9bb726474ac699762aadcbbf0e8da81bec48f\spring-messaging-6.0.12.jar;C:\Users\Asus\.gradle\caches\modules-2\files-2.1\org.springframework\spring-tx\6.0.12\b4e997baac7dd14593f3e4f815e3646279e9a63f\spring-tx-6.0.12.jar;C:\Users\Asus\.gradle\caches\modules-2\files-2.1\org.springframework.retry\spring-retry\2.0.3\4bd76e84c4c5225f9313f80c1cbfef7c608128d3\spring-retry-2.0.3.jar;C:\Users\Asus\.gradle\caches\modules-2\files-2.1\org.apache.kafka\kafka-clients\3.4.1\a2f55251deb3d31a21903a0cfbd4d1fa6b7463ca\kafka-clients-3.4.1.jar;C:\Users\Asus\.gradle\caches\modules-2\files-2.1\io.micrometer\micrometer-observation\1.11.4\1aa2f6ba1dae42c403543bd14ea5f302d7ed6d85\micrometer-observation-1.11.4.jar;C:\Users\Asus\.gradle\caches\modules-2\files-2.1\org.springframework\spring-webmvc\6.0.12\c7cf897d23da555a20e570d170f8f1541b04564d\spring-webmvc-6.0.12.jar;C:\Users\Asus\.gradle\caches\modules-2\files-2.1\org.springframework.boot\spring-boot-starter-json\3.1.4\2dafafeb1ca78678a970947c51def69723c7442c\spring-boot-starter-json-3.1.4.jar;C:\Users\Asus\.gradle\caches\modules-2\files-2.1\org.springframework.boot\spring-boot-starter\3.1.4\8a615e53a9f45eecc4821917b1423daa68afcf19\spring-boot-starter-3.1.4.jar;C:\Users\Asus\.gradle\caches\modules-2\files-2.1\org.springframework\spring-web\6.0.12\89a20bbd7c1f973dc246b1d790b34e0b3e28e74d\spring-web-6.0.12.jar;C:\Users\Asus\.gradle\caches\modules-2\files-2.1\org.springframework.boot\spring-boot-starter-tomcat\3.1.4\b8f55488574671d085f8d31c137c6f6d8d79cc24\spring-boot-starter-tomcat-3.1.4.jar;C:\Users\Asus\.gradle\caches\modules-2\files-2.1\org.springdoc\springdoc-openapi-starter-webmvc-api\2.0.2\479a5cd03969a22d9f8b819ef92c54433e08034a\springdoc-openapi-starter-webmvc-api-2.0.2.jar;C:\Users\Asus\.gradle\caches\modules-2\files-2.1\org.webjars\swagger-ui\4.15.5\fc283d7a6d93c58fb466766eef4b8110c57639ea\swagger-ui-4.15.5.jar;C:\Users\Asus\.gradle\caches\modules-2\files-2.1\org.webjars\webjars-locator-core\0.52\f219134c6b8d4aebfea70f135b2f80dc2794253f\webjars-locator-core-0.52.jar;C:\Users\Asus\.gradle\caches\modules-2\files-2.1\io.github.classgraph\classgraph\4.8.149\4bc2f188bc9001473d4a26ac488c2ae1a3e906de\classgraph-4.8.149.jar;C:\Users\Asus\.gradle\caches\modules-2\files-2.1\org.telegram\telegrambots-meta\6.8.0\a3e40beb0b0ec296b167cdc6d0bb6f4b1beba864\telegrambots-meta-6.8.0.jar;C:\Users\Asus\.gradle\caches\modules-2\files-2.1\org.glassfish.jersey.media\jersey-media-json-jackson\3.1.3\c08467ee1da7f9c7cf0b28c7f3c526e183802bd7\jersey-media-json-jackson-3.1.3.jar;C:\Users\Asus\.gradle\caches\modules-2\files-2.1\com.fasterxml.jackson.core\jackson-databind\2.15.2\9353b021f10c307c00328f52090de2bdb4b6ff9c\jackson-databind-2.15.2.jar;C:\Users\Asus\.gradle\caches\modules-2\files-2.1\com.fasterxml.jackson.jaxrs\jackson-jaxrs-json-provider\2.15.2\eff432ebf1021d2fd64ce25bc7dcb24a37462b20\jackson-jaxrs-json-provider-2.15.2.jar;C:\Users\Asus\.gradle\caches\modules-2\files-2.1\com.fasterxml.jackson.module\jackson-module-jaxb-annotations\2.15.2\6a22fd1c7b0f9788e81eea32c11dc8c1ba421f18\jackson-module-jaxb-annotations-2.15.2.jar;C:\Users\Asus\.gradle\caches\modules-2\files-2.1\com.fasterxml.jackson.core\jackson-annotations\2.15.2\4724a65ac8e8d156a24898d50fd5dbd3642870b8\jackson-annotations-2.15.2.jar;C:\Users\Asus\.gradle\caches\modules-2\files-2.1\org.glassfish.jersey.inject\jersey-hk2\3.1.3\594b23af6a09f621c16e94b85901aa3738455f9c\jersey-hk2-3.1.3.jar;C:\Users\Asus\.gradle\caches\modules-2\files-2.1\org.glassfish.jersey.containers\jersey-container-grizzly2-http\3.1.3\551bc6a421d6c07ce33fcf0ea5bc91a18ea9080f\jersey-container-grizzly2-http-3.1.3.jar;C:\Users\Asus\.gradle\caches\modules-2\files-2.1\org.glassfish.jersey.core\jersey-server\3.1.3\3108bec121e3c564cad7e8c7cb53835331bd654f\jersey-server-3.1.3.jar;C:\Users\Asus\.gradle\caches\modules-2\files-2.1\org.apache.httpcomponents\httpmime\4.5.13\efc110bad4a0d45cda7858e6beee1d8a8313da5a\httpmime-4.5.13.jar;C:\Users\Asus\.gradle\caches\modules-2\files-2.1\org.apache.httpcomponents\httpclient\4.5.14\1194890e6f56ec29177673f2f12d0b8e627dec98\httpclient-4.5.14.jar;C:\Users\Asus\.gradle\caches\modules-2\files-2.1\commons-io\commons-io\2.11.0\a2503f302b11ebde7ebc3df41daebe0e4eea3689\commons-io-2.11.0.jar;C:\Users\Asus\.gradle\caches\modules-2\files-2.1\org.slf4j\slf4j-api\2.0.9\7cf2726fdcfbc8610f9a71fb3ed639871f315340\slf4j-api-2.0.9.jar;C:\Users\Asus\.gradle\caches\modules-2\files-2.1\org.springframework\spring-webflux\6.0.12\d218ccd0f6c1f656a33064ee3bd0bdb841535e6a\spring-webflux-6.0.12.jar;C:\Users\Asus\.gradle\caches\modules-2\files-2.1\org.springframework.boot\spring-boot-starter-reactor-netty\3.1.4\efbf31d5b0e809304b675f02c7b3120454022183\spring-boot-starter-reactor-netty-3.1.4.jar;C:\Users\Asus\.gradle\caches\modules-2\files-2.1\org.json\json\20170516\949abe1460757b8dc9902c562f83e49675444572\json-20170516.jar;C:\Users\Asus\.gradle\caches\modules-2\files-2.1\org.springframework.data\spring-data-jpa\3.1.4\c51bbed97c35a0c6abced4854db85a5a5b216540\spring-data-jpa-3.1.4.jar;C:\Users\Asus\.gradle\caches\modules-2\files-2.1\org.springframework.boot\spring-boot-starter-aop\3.1.4\1842a0506c99583b5ce11525cbd3d52e719a3f8\spring-boot-starter-aop-3.1.4.jar;C:\Users\Asus\.gradle\caches\modules-2\files-2.1\org.springframework.boot\spring-boot-starter-jdbc\3.1.4\d1c52a3392180c7925d32e5594a873db6c72239b\spring-boot-starter-jdbc-3.1.4.jar;C:\Users\Asus\.gradle\caches\modules-2\files-2.1\org.hibernate.orm\hibernate-core\6.2.9.Final\a24ca4a5c003b6d0d9e005c6226f84cf4169bfeb\hibernate-core-6.2.9.Final.jar;C:\Users\Asus\.gradle\caches\modules-2\files-2.1\org.springframework\spring-aspects\6.0.12\f9f903318add53a20c0e33ead1b16abd669543f7\spring-aspects-6.0.12.jar;C:\Users\Asus\.gradle\caches\modules-2\files-2.1\org.springframework.security\spring-security-config\6.1.4\912305160277572d89e2378f59eb1a4275d81c0c\spring-security-config-6.1.4.jar;C:\Users\Asus\.gradle\caches\modules-2\files-2.1\org.springframework.security\spring-security-oauth2-client\6.1.4\286c5d128b9f75e6a2d6407dcc2f87e5fed94ccd\spring-security-oauth2-client-6.1.4.jar;C:\Users\Asus\.gradle\caches\modules-2\files-2.1\org.springframework.security\spring-security-oauth2-jose\6.1.4\33e636d00246750bdb28d1407310297c6d78fd7b\spring-security-oauth2-jose-6.1.4.jar;C:\Users\Asus\.gradle\caches\modules-2\files-2.1\org.springframework.security\spring-security-core\6.1.4\dd128f5478ae7856d61a17f8bd65adab02b99400\spring-security-core-6.1.4.jar;C:\Users\Asus\.gradle\caches\modules-2\files-2.1\org.springframework.security\spring-security-oauth2-resource-server\6.1.4\93a3a2cb7387d7db78f3879730cb296112bca6e0\spring-security-oauth2-resource-server-6.1.4.jar;C:\Users\Asus\.gradle\caches\modules-2\files-2.1\org.jboss.resteasy\resteasy-jackson2-provider\6.2.4.Final\351f2e2b3cb6a8ed243cc6a5afa95ef3e038db9a\resteasy-jackson2-provider-6.2.4.Final.jar;C:\Users\Asus\.gradle\caches\modules-2\files-2.1\org.jboss.resteasy\resteasy-client\6.2.4.Final\2907ac7f9eacc100267be6b20db343a83632af73\resteasy-client-6.2.4.Final.jar;C:\Users\Asus\.gradle\caches\modules-2\files-2.1\org.jboss.resteasy\resteasy-multipart-provider\6.2.4.Final\d02cd987ebcd7d482516bc23651d89a45a6279ea\resteasy-multipart-provider-6.2.4.Final.jar;C:\Users\Asus\.gradle\caches\modules-2\files-2.1\org.keycloak\keycloak-core\22.0.1\e8ac207b3336531cdc85d9ffb427f2645a9ef4e\keycloak-core-22.0.1.jar;C:\Users\Asus\.gradle\caches\modules-2\files-2.1\org.keycloak\keycloak-common\22.0.1\2497af16d90f5e92f75c62ba8370b492dd618f1f\keycloak-common-22.0.1.jar;C:\Users\Asus\.gradle\caches\modules-2\files-2.1\org.jboss.resteasy\resteasy-jaxb-provider\6.2.4.Final\df6629623eae791c2c7116e1fdc9e3e8aaf45af\resteasy-jaxb-provider-6.2.4.Final.jar;C:\Users\Asus\.gradle\caches\modules-2\files-2.1\org.springframework\spring-aop\6.0.12\ba7ecdbdc2abaf172d49692b8110f65ecd2d250c\spring-aop-6.0.12.jar;C:\Users\Asus\.gradle\caches\modules-2\files-2.1\org.springframework\spring-beans\6.0.12\dfa53afbf1ab65f36c60333443ed1109ed331504\spring-beans-6.0.12.jar;C:\Users\Asus\.gradle\caches\modules-2\files-2.1\org.springframework\spring-expression\6.0.12\9283ad418f06f918e834b1981998a5f62a05b355\spring-expression-6.0.12.jar;C:\Users\Asus\.gradle\caches\modules-2\files-2.1\org.springframework\spring-core\6.0.12\a55e70359371b03ee29dacd75c3b40d0baf3a656\spring-core-6.0.12.jar;C:\Users\Asus\.gradle\caches\modules-2\files-2.1\io.micrometer\micrometer-commons\1.11.4\6dfbbc07ecad294bffacff0648d6eaa4de78f332\micrometer-commons-1.11.4.jar;C:\Users\Asus\.gradle\caches\modules-2\files-2.1\com.fasterxml.jackson.datatype\jackson-datatype-jdk8\2.15.2\66a50e089cfd2f93896b9b6f7a734cea7bcf2f31\jackson-datatype-jdk8-2.15.2.jar;C:\Users\Asus\.gradle\caches\modules-2\files-2.1\com.fasterxml.jackson.datatype\jackson-datatype-jsr310\2.15.2\30d16ec2aef6d8094c5e2dce1d95034ca8b6cb42\jackson-datatype-jsr310-2.15.2.jar;C:\Users\Asus\.gradle\caches\modules-2\files-2.1\com.fasterxml.jackson.module\jackson-module-parameter-names\2.15.2\75f8d2788db20f6c587c7a19e94fb6248c314241\jackson-module-parameter-names-2.15.2.jar;C:\Users\Asus\.gradle\caches\modules-2\files-2.1\org.springframework.boot\spring-boot-autoconfigure\3.1.4\ae53253f6330787f8b77a13aa90d6514597a20d0\spring-boot-autoconfigure-3.1.4.jar;C:\Users\Asus\.gradle\caches\modules-2\files-2.1\org.springframework.boot\spring-boot\3.1.4\7a0a6349e28227a93f2b4efde897e87b3343bf3a\spring-boot-3.1.4.jar;C:\Users\Asus\.gradle\caches\modules-2\files-2.1\org.springframework.boot\spring-boot-starter-logging\3.1.4\e3533d7b6e2e9b5ca9b05dce2a9a2504aad5b889\spring-boot-starter-logging-3.1.4.jar;C:\Users\Asus\.gradle\caches\modules-2\files-2.1\jakarta.annotation\jakarta.annotation-api\2.1.1\48b9bda22b091b1f48b13af03fe36db3be6e1ae3\jakarta.annotation-api-2.1.1.jar;C:\Users\Asus\.gradle\caches\modules-2\files-2.1\org.yaml\snakeyaml\1.33\2cd0a87ff7df953f810c344bdf2fe3340b954c69\snakeyaml-1.33.jar;C:\Users\Asus\.gradle\caches\modules-2\files-2.1\org.apache.tomcat.embed\tomcat-embed-websocket\10.1.13\540a79df9699435e4f7cb8983daab272d29d093f\tomcat-embed-websocket-10.1.13.jar;C:\Users\Asus\.gradle\caches\modules-2\files-2.1\org.apache.tomcat.embed\tomcat-embed-core\10.1.13\6909967f2ed6c323108c2cc7f20586d6f7eb6455\tomcat-embed-core-10.1.13.jar;C:\Users\Asus\.gradle\caches\modules-2\files-2.1\org.apache.tomcat.embed\tomcat-embed-el\10.1.13\22c8845f7528334905c582e48a3eeefab616b0a5\tomcat-embed-el-10.1.13.jar;C:\Users\Asus\.gradle\caches\modules-2\files-2.1\org.springdoc\springdoc-openapi-starter-common\2.0.2\5f668e69d620c56db3ba9689d48d6b64e42235b9\springdoc-openapi-starter-common-2.0.2.jar;C:\Users\Asus\.gradle\caches\modules-2\files-2.1\org.apache.commons\commons-lang3\3.12.0\c6842c86792ff03b9f1d1fe2aab8dc23aa6c6f0e\commons-lang3-3.12.0.jar;C:\Users\Asus\.gradle\caches\modules-2\files-2.1\com.fasterxml.jackson.module\jackson-module-jakarta-xmlbind-annotations\2.15.2\4c97adf87afa8d64b142b484d9a1f7412d00a930\jackson-module-jakarta-xmlbind-annotations-2.15.2.jar;C:\Users\Asus\.gradle\caches\modules-2\files-2.1\org.glassfish.jersey.core\jersey-common\3.1.3\b4a091d46ec7d0235177338419f5c5d2d2d89039\jersey-common-3.1.3.jar;C:\Users\Asus\.gradle\caches\modules-2\files-2.1\jakarta.xml.bind\jakarta.xml.bind-api\4.0.1\ca2330866cbc624c7e5ce982e121db1125d23e15\jakarta.xml.bind-api-4.0.1.jar;C:\Users\Asus\.gradle\caches\modules-2\files-2.1\org.glassfish.jersey.ext\jersey-entity-filtering\3.1.3\796dc903d14d68a8cf3a4f81d546d50777a4179c\jersey-entity-filtering-3.1.3.jar;C:\Users\Asus\.gradle\caches\modules-2\files-2.1\com.fasterxml.jackson.core\jackson-core\2.15.2\a6fe1836469a69b3ff66037c324d75fc66ef137c\jackson-core-2.15.2.jar;C:\Users\Asus\.gradle\caches\modules-2\files-2.1\com.fasterxml.jackson.jaxrs\jackson-jaxrs-base\2.15.2\d2bac694f9a5106a0ff239303e0e12fce937bd4b\jackson-jaxrs-base-2.15.2.jar;C:\Users\Asus\.gradle\caches\modules-2\files-2.1\jakarta.activation\jakarta.activation-api\2.1.2\640c0d5aff45dbff1e1a1bc09673ff3a02b1ba12\jakarta.activation-api-2.1.2.jar;C:\Users\Asus\.gradle\caches\modules-2\files-2.1\org.glassfish.hk2\hk2-locator\3.0.4\8ac6800f4102d2961b2d4380a483a0374a5a32dc\hk2-locator-3.0.4.jar;C:\Users\Asus\.gradle\caches\modules-2\files-2.1\org.javassist\javassist\3.29.2-GA\6c32028609e5dd4a1b78e10fbcd122b09b3928b1\javassist-3.29.2-GA.jar;C:\Users\Asus\.gradle\caches\modules-2\files-2.1\jakarta.inject\jakarta.inject-api\2.0.1\4c28afe1991a941d7702fe1362c365f0a8641d1e\jakarta.inject-api-2.0.1.jar;C:\Users\Asus\.gradle\caches\modules-2\files-2.1\org.glassfish.grizzly\grizzly-http-server\4.0.0\eb83dbb972e9b589b7886d0e813f37d8e07cfce\grizzly-http-server-4.0.0.jar;C:\Users\Asus\.gradle\caches\modules-2\files-2.1\jakarta.ws.rs\jakarta.ws.rs-api\3.1.0\15ce10d249a38865b58fc39521f10f29ab0e3363\jakarta.ws.rs-api-3.1.0.jar;C:\Users\Asus\.gradle\caches\modules-2\files-2.1\org.glassfish.jersey.core\jersey-client\3.1.3\d701564333d25b3cc9ac95756996dab21a8cae43\jersey-client-3.1.3.jar;C:\Users\Asus\.gradle\caches\modules-2\files-2.1\jakarta.validation\jakarta.validation-api\3.0.2\92b6631659ba35ca09e44874d3eb936edfeee532\jakarta.validation-api-3.0.2.jar;C:\Users\Asus\.gradle\caches\modules-2\files-2.1\org.apache.httpcomponents\httpcore\4.4.16\51cf043c87253c9f58b539c9f7e44c8894223850\httpcore-4.4.16.jar;C:\Users\Asus\.gradle\caches\modules-2\files-2.1\commons-logging\commons-logging\1.2\4bfc12adfe4842bf07b657f0369c4cb522955686\commons-logging-1.2.jar;C:\Users\Asus\.gradle\caches\modules-2\files-2.1\commons-codec\commons-codec\1.15\49d94806b6e3dc933dacbd8acb0fdbab8ebd1e5d\commons-codec-1.15.jar;C:\Users\Asus\.gradle\caches\modules-2\files-2.1\io.projectreactor\reactor-core\3.5.10\b2d043508fbc0190bfb63eea1b33551f48a8c32b\reactor-core-3.5.10.jar;C:\Users\Asus\.gradle\caches\modules-2\files-2.1\io.projectreactor.netty\reactor-netty-http\1.1.11\c9397212cfbfd4755026dcc5d048adf48819464\reactor-netty-http-1.1.11.jar;C:\Users\Asus\.gradle\caches\modules-2\files-2.1\org.springframework\spring-orm\6.0.12\174d73f69d878fd7ddeef9a25213d8932692a768\spring-orm-6.0.12.jar;C:\Users\Asus\.gradle\caches\modules-2\files-2.1\org.springframework.data\spring-data-commons\3.1.4\7b16d91221c7f9492f63a99e97a1d907f6bf540c\spring-data-commons-3.1.4.jar;C:\Users\Asus\.gradle\caches\modules-2\files-2.1\org.antlr\antlr4-runtime\4.10.1\10839f875928f59c622d675091d51a43ea0dc5f7\antlr4-runtime-4.10.1.jar;C:\Users\Asus\.gradle\caches\modules-2\files-2.1\org.aspectj\aspectjweaver\1.9.20\da562407e43f74c0f8f5f5df4065d85ec1736d01\aspectjweaver-1.9.20.jar;C:\Users\Asus\.gradle\caches\modules-2\files-2.1\org.springframework\spring-jdbc\6.0.12\cf14ce5078ab4b69b760ac91b2b9f23dab1e4457\spring-jdbc-6.0.12.jar;C:\Users\Asus\.gradle\caches\modules-2\files-2.1\com.zaxxer\HikariCP\5.0.1\a74c7f0a37046846e88d54f7cb6ea6d565c65f9c\HikariCP-5.0.1.jar;C:\Users\Asus\.gradle\caches\modules-2\files-2.1\jakarta.persistence\jakarta.persistence-api\3.1.0\66901fa1c373c6aff65c13791cc11da72060a8d6\jakarta.persistence-api-3.1.0.jar;C:\Users\Asus\.gradle\caches\modules-2\files-2.1\jakarta.transaction\jakarta.transaction-api\2.0.1\51a520e3fae406abb84e2e1148e6746ce3f80a1a\jakarta.transaction-api-2.0.1.jar;C:\Users\Asus\.gradle\caches\modules-2\files-2.1\org.springframework.security\spring-security-oauth2-core\6.1.4\21954e38f4f8227691af129aed2d2de1e4f98649\spring-security-oauth2-core-6.1.4.jar;C:\Users\Asus\.gradle\caches\modules-2\files-2.1\org.springframework.security\spring-security-web\6.1.4\74695832c5ae5d1e2f363ae4b7e92aaaa2c13cbb\spring-security-web-6.1.4.jar;C:\Users\Asus\.gradle\caches\modules-2\files-2.1\com.nimbusds\oauth2-oidc-sdk\9.43.3\31709dab9f6531cc5c8f0d7e50ed5ccf10127877\oauth2-oidc-sdk-9.43.3.jar;C:\Users\Asus\.gradle\caches\modules-2\files-2.1\com.nimbusds\nimbus-jose-jwt\9.31\229ba7b31d1f886968896c48aeeba5a1586b00bc\nimbus-jose-jwt-9.31.jar;C:\Users\Asus\.gradle\caches\modules-2\files-2.1\org.springframework.security\spring-security-crypto\6.1.4\cc64beef9eb38993b6c3d46a633bef25700742e\spring-security-crypto-6.1.4.jar;C:\Users\Asus\.gradle\caches\modules-2\files-2.1\com.fasterxml.jackson.jakarta.rs\jackson-jakarta-rs-json-provider\2.15.2\a88f061bb8e3a2650ba27c442323dd626bd0fa44\jackson-jakarta-rs-json-provider-2.15.2.jar;C:\Users\Asus\.gradle\caches\modules-2\files-2.1\com.fasterxml.jackson.jakarta.rs\jackson-jakarta-rs-base\2.15.2\131bfecbbf4fd9b3f5b08005d1cf1ee95ba86894\jackson-jakarta-rs-base-2.15.2.jar;C:\Users\Asus\.gradle\caches\modules-2\files-2.1\com.github.java-json-tools\json-patch\1.13\c8b72249e50fe778e7df223e5b1fed1931a4a688\json-patch-1.13.jar;C:\Users\Asus\.gradle\caches\modules-2\files-2.1\org.jboss.logging\jboss-logging\3.5.3.Final\c88fc1d8a96d4c3491f55d4317458ccad53ca663\jboss-logging-3.5.3.Final.jar;C:\Users\Asus\.gradle\caches\modules-2\files-2.1\org.jboss.resteasy\resteasy-client-api\6.2.4.Final\189fbb062fe4f077b6d72ec65286828c0bc38cef\resteasy-client-api-6.2.4.Final.jar;C:\Users\Asus\.gradle\caches\modules-2\files-2.1\org.jboss.resteasy\resteasy-core\6.2.4.Final\e16fd7d59e7ee84a844462e168597f4c9574692b\resteasy-core-6.2.4.Final.jar;C:\Users\Asus\.gradle\caches\modules-2\files-2.1\org.jboss.resteasy\resteasy-core-spi\6.2.4.Final\1a3e4a15ec43f803bdead8d3adf28075187b8324\resteasy-core-spi-6.2.4.Final.jar;C:\Users\Asus\.gradle\caches\modules-2\files-2.1\org.reactivestreams\reactive-streams\1.0.4\3864a1320d97d7b045f729a326e1e077661f31b7\reactive-streams-1.0.4.jar;C:\Users\Asus\.gradle\caches\modules-2\files-2.1\org.apache.james\apache-mime4j-storage\0.8.9\5d62b955fa2185919fe7fa405775da4e4fe114a\apache-mime4j-storage-0.8.9.jar;C:\Users\Asus\.gradle\caches\modules-2\files-2.1\org.apache.james\apache-mime4j-dom\0.8.9\cf9daba1dd95aa3c32a05fbfb5edf5f078a0465a\apache-mime4j-dom-0.8.9.jar;C:\Users\Asus\.gradle\caches\modules-2\files-2.1\jakarta.mail\jakarta.mail-api\2.1.2\e2f24836f1720a6b53d98240a78b4860597428c8\jakarta.mail-api-2.1.2.jar;C:\Users\Asus\.gradle\caches\modules-2\files-2.1\org.eclipse.angus\angus-mail\1.1.0\5adb81aef7afb24e8b8fabce407317b0cb7d73ec\angus-mail-1.1.0.jar;C:\Users\Asus\.gradle\caches\modules-2\files-2.1\org.glassfish.jaxb\codemodel\4.0.3\4ce3895b414420e7140cd51d52420aaddaccd45\codemodel-4.0.3.jar;C:\Users\Asus\.gradle\caches\modules-2\files-2.1\org.glassfish.jaxb\jaxb-core\4.0.3\e9093b4a82069a1d78ee9a3233ca387bca88861f\jaxb-core-4.0.3.jar;C:\Users\Asus\.gradle\caches\modules-2\files-2.1\org.glassfish.jaxb\jaxb-jxc\4.0.3\ff97bfca3455817a3605bf21289abb4d12e27ff3\jaxb-jxc-4.0.3.jar;C:\Users\Asus\.gradle\caches\modules-2\files-2.1\org.glassfish.jaxb\jaxb-runtime\4.0.3\93af25be25b2c92c83e0ce61cb8b3ed23568f316\jaxb-runtime-4.0.3.jar;C:\Users\Asus\.gradle\caches\modules-2\files-2.1\org.glassfish.jaxb\txw2\4.0.3\47b8fe31c6d1a3382203af919400527389e01e9c\txw2-4.0.3.jar;C:\Users\Asus\.gradle\caches\modules-2\files-2.1\org.glassfish.jaxb\jaxb-xjc\4.0.3\7420f2fa71646abc584381bc7a6f4ce436d88d15\jaxb-xjc-4.0.3.jar;C:\Users\Asus\.gradle\caches\modules-2\files-2.1\org.glassfish.jaxb\xsom\4.0.3\4406ab2fd87b18abfa996870000ff88119de7c6d\xsom-4.0.3.jar;C:\Users\Asus\.gradle\caches\modules-2\files-2.1\com.sun.istack\istack-commons-runtime\4.1.2\18ec117c85f3ba0ac65409136afa8e42bc74e739\istack-commons-runtime-4.1.2.jar;C:\Users\Asus\.gradle\caches\modules-2\files-2.1\com.sun.istack\istack-commons-tools\4.1.2\585c1af261fbc0b0cccf72f4d6c5ff11c1e596b1\istack-commons-tools-4.1.2.jar;C:\Users\Asus\.gradle\caches\modules-2\files-2.1\com.sun.xml.bind.external\relaxng-datatype\4.0.2\4ccbd2d5fcdd603e163c589b1592ae0b4dff6290\relaxng-datatype-4.0.2.jar;C:\Users\Asus\.gradle\caches\modules-2\files-2.1\com.sun.xml.bind.external\rngom\4.0.2\addadbe6493cb3b696e2df33bcd7cd1875871a5f\rngom-4.0.2.jar;C:\Users\Asus\.gradle\caches\modules-2\files-2.1\org.springframework\spring-jcl\6.0.12\44a1d1d105063d4eb9c5dc705245ef6fa4162520\spring-jcl-6.0.12.jar;C:\Users\Asus\.gradle\caches\modules-2\files-2.1\ch.qos.logback\logback-classic\1.4.11\54450c0c783e896a1a6d88c043bd2f1daba1c382\logback-classic-1.4.11.jar;C:\Users\Asus\.gradle\caches\modules-2\files-2.1\org.apache.logging.log4j\log4j-to-slf4j\2.20.0\d37f81f8978e2672bc32c82712ab4b3f66624adc\log4j-to-slf4j-2.20.0.jar;C:\Users\Asus\.gradle\caches\modules-2\files-2.1\org.slf4j\jul-to-slf4j\2.0.9\9ef7c70b248185845f013f49a33ff9ca65b7975\jul-to-slf4j-2.0.9.jar;C:\Users\Asus\.gradle\caches\modules-2\files-2.1\io.swagger.core.v3\swagger-core-jakarta\2.2.7\9111d85fc116ad6ec9d5f6f54edf81c2740e52\swagger-core-jakarta-2.2.7.jar;C:\Users\Asus\.gradle\caches\modules-2\files-2.1\org.glassfish.hk2\osgi-resource-locator\1.0.3\de3b21279df7e755e38275137539be5e2c80dd58\osgi-resource-locator-1.0.3.jar;C:\Users\Asus\.gradle\caches\modules-2\files-2.1\org.glassfish.hk2\hk2-api\3.0.4\ec406de7356ace192ba536294b7424194a7f44ab\hk2-api-3.0.4.jar;C:\Users\Asus\.gradle\caches\modules-2\files-2.1\org.glassfish.hk2.external\aopalliance-repackaged\3.0.4\b1d38a6e64c50f501503d7c4297445a346583870\aopalliance-repackaged-3.0.4.jar;C:\Users\Asus\.gradle\caches\modules-2\files-2.1\org.glassfish.hk2\hk2-utils\3.0.4\d33f91938dbbb239ab026e37cb75afbd16090895\hk2-utils-3.0.4.jar;C:\Users\Asus\.gradle\caches\modules-2\files-2.1\org.glassfish.grizzly\grizzly-http\4.0.0\14fd1473bdcabfc5249311bb87a86e3551f4063\grizzly-http-4.0.0.jar;C:\Users\Asus\.gradle\caches\modules-2\files-2.1\io.projectreactor.netty\reactor-netty-core\1.1.11\2cefe0af4adfb4044ada513a97858c8654ee3351\reactor-netty-core-1.1.11.jar;C:\Users\Asus\.gradle\caches\modules-2\files-2.1\io.netty\netty-codec-http2\4.1.97.Final\893888d09a7bef0d0ba973d7471943e765d0fd08\netty-codec-http2-4.1.97.Final.jar;C:\Users\Asus\.gradle\caches\modules-2\files-2.1\io.netty\netty-codec-http\4.1.97.Final\af78acec783ffd77c63d8aeecc21041fd39ac54f\netty-codec-http-4.1.97.Final.jar;C:\Users\Asus\.gradle\caches\modules-2\files-2.1\io.netty\netty-resolver-dns-native-macos\4.1.97.Final\35a44e98cda1fec620dc336c6f8b3f44fa9b654d\netty-resolver-dns-native-macos-4.1.97.Final-osx-x86_64.jar;C:\Users\Asus\.gradle\caches\modules-2\files-2.1\io.netty\netty-resolver-dns\4.1.97.Final\2c50f835777ecd4535e15b552b5d9ccb26a2504f\netty-resolver-dns-4.1.97.Final.jar;C:\Users\Asus\.gradle\caches\modules-2\files-2.1\io.netty\netty-transport-native-epoll\4.1.97.Final\54188f271e388e7f313aea995e82f58ce2cdb809\netty-transport-native-epoll-4.1.97.Final-linux-x86_64.jar;C:\Users\Asus\.gradle\caches\modules-2\files-2.1\com.github.stephenc.jcip\jcip-annotations\1.0-1\ef31541dd28ae2cefdd17c7ebf352d93e9058c63\jcip-annotations-1.0-1.jar;C:\Users\Asus\.gradle\caches\modules-2\files-2.1\com.nimbusds\content-type\2.2\9a894bce7646dd4086652d85b88013229f23724b\content-type-2.2.jar;C:\Users\Asus\.gradle\caches\modules-2\files-2.1\net.minidev\json-smart\2.4.11\cc5888f14a5768f254b97bafe8b9fd29b31e872e\json-smart-2.4.11.jar;C:\Users\Asus\.gradle\caches\modules-2\files-2.1\com.nimbusds\lang-tag\1.7\97c73ecd70bc7e8eefb26c5eea84f251a63f1031\lang-tag-1.7.jar;C:\Users\Asus\.gradle\caches\modules-2\files-2.1\org.jboss\jandex\2.4.3.Final\e12b6a3f2ebc34ad84eedd735f378087205a39ee\jandex-2.4.3.Final.jar;C:\Users\Asus\.gradle\caches\modules-2\files-2.1\org.eclipse.angus\angus-activation\2.0.1\eaafaf4eb71b400e4136fc3a286f50e34a68ecb7\angus-activation-2.0.1.jar;C:\Users\Asus\.gradle\caches\modules-2\files-2.1\com.ibm.async\asyncutil\0.1.0\440941c382166029a299602e6c9ff5abde1b5143\asyncutil-0.1.0.jar;C:\Users\Asus\.gradle\caches\modules-2\files-2.1\org.apache.james\apache-mime4j-core\0.8.9\718755ac63359ab202911caf76cf79d9d44f8e17\apache-mime4j-core-0.8.9.jar;C:\Users\Asus\.gradle\caches\modules-2\files-2.1\ch.qos.logback\logback-core\1.4.11\2f9f280219a9922a74200eaf7138c4c17fb87c0f\logback-core-1.4.11.jar;C:\Users\Asus\.gradle\caches\modules-2\files-2.1\org.apache.logging.log4j\log4j-api\2.20.0\1fe6082e660daf07c689a89c94dc0f49c26b44bb\log4j-api-2.20.0.jar;C:\Users\Asus\.gradle\caches\modules-2\files-2.1\com.fasterxml.jackson.dataformat\jackson-dataformat-yaml\2.15.2\58194ff9f51915ad6bf6b6f24818232d7566418a\jackson-dataformat-yaml-2.15.2.jar;C:\Users\Asus\.gradle\caches\modules-2\files-2.1\io.swagger.core.v3\swagger-models-jakarta\2.2.7\b26a24f51b009fe77a0b4b4f67738a60aaff1aa2\swagger-models-jakarta-2.2.7.jar;C:\Users\Asus\.gradle\caches\modules-2\files-2.1\io.swagger.core.v3\swagger-annotations-jakarta\2.2.7\1629437bff242e019f5fbac9b27dddd6df47a23b\swagger-annotations-jakarta-2.2.7.jar;C:\Users\Asus\.gradle\caches\modules-2\files-2.1\org.glassfish.grizzly\grizzly-framework\4.0.0\a3bd97ae924fa4c7759332d532d64a0007b0c067\grizzly-framework-4.0.0.jar;C:\Users\Asus\.gradle\caches\modules-2\files-2.1\io.netty\netty-handler-proxy\4.1.97.Final\a99ecef0e1d86a92e40a7c89805c236d9cd7493e\netty-handler-proxy-4.1.97.Final.jar;C:\Users\Asus\.gradle\caches\modules-2\files-2.1\io.netty\netty-handler\4.1.97.Final\abb86c6906bf512bf2b797a41cd7d2e8d3cd7c36\netty-handler-4.1.97.Final.jar;C:\Users\Asus\.gradle\caches\modules-2\files-2.1\io.netty\netty-codec\4.1.97.Final\384ba4d75670befbedb45c4d3b497a93639c206d\netty-codec-4.1.97.Final.jar;C:\Users\Asus\.gradle\caches\modules-2\files-2.1\io.netty\netty-transport\4.1.97.Final\f37380d23c9bb079bc702910833b2fd532c9abd0\netty-transport-4.1.97.Final.jar;C:\Users\Asus\.gradle\caches\modules-2\files-2.1\io.netty\netty-buffer\4.1.97.Final\f8f3d8644afa5e6e1a40a3a6aeb9d9aa970ecb4f\netty-buffer-4.1.97.Final.jar;C:\Users\Asus\.gradle\caches\modules-2\files-2.1\io.netty\netty-common\4.1.97.Final\7cceacaf11df8dc63f23d0fb58e9d4640fc88404\netty-common-4.1.97.Final.jar;C:\Users\Asus\.gradle\caches\modules-2\files-2.1\io.netty\netty-resolver-dns-classes-macos\4.1.97.Final\2d42d18c6aca0774940a09a939f7f735b3d56e0a\netty-resolver-dns-classes-macos-4.1.97.Final.jar;C:\Users\Asus\.gradle\caches\modules-2\files-2.1\io.netty\netty-codec-dns\4.1.97.Final\d266d079ef33cf93a16b382d64dd15d562df1159\netty-codec-dns-4.1.97.Final.jar;C:\Users\Asus\.gradle\caches\modules-2\files-2.1\io.netty\netty-resolver\4.1.97.Final\cec8348108dc76c47cf87c669d514be52c922144\netty-resolver-4.1.97.Final.jar;C:\Users\Asus\.gradle\caches\modules-2\files-2.1\io.netty\netty-transport-classes-epoll\4.1.97.Final\795da37ded759e862457a82d9d92c4d39ce8ecee\netty-transport-classes-epoll-4.1.97.Final.jar;C:\Users\Asus\.gradle\caches\modules-2\files-2.1\io.netty\netty-transport-native-unix-common\4.1.97.Final\d469d84265ab70095b01b40886cabdd433b6e664\netty-transport-native-unix-common-4.1.97.Final.jar;C:\Users\Asus\.gradle\caches\modules-2\files-2.1\net.minidev\accessors-smart\2.4.11\245ceca7bdf3190fbb977045c852d5f3c8efece1\accessors-smart-2.4.11.jar;C:\Users\Asus\.gradle\caches\modules-2\files-2.1\io.netty\netty-codec-socks\4.1.97.Final\30e8fa29a349db5a933225d61891b8802836bb79\netty-codec-socks-4.1.97.Final.jar;C:\Users\Asus\.gradle\caches\modules-2\files-2.1\org.ow2.asm\asm\9.3\8e6300ef51c1d801a7ed62d07cd221aca3a90640\asm-9.3.jar;C:\Users\Asus\.gradle\caches\modules-2\files-2.1\org.postgresql\postgresql\42.6.0\7614cfce466145b84972781ab0079b8dea49e363\postgresql-42.6.0.jar;C:\Users\Asus\.gradle\caches\modules-2\files-2.1\com.google.code.findbugs\jsr305\3.0.2\25ea2e8b0c338a877313bd4672d3fe056ea78f0d\jsr305-3.0.2.jar;C:\Users\Asus\.gradle\caches\modules-2\files-2.1\org.checkerframework\checker-qual\3.31.0\eeefd4af42e2f4221d145c1791582f91868f99ab\checker-qual-3.31.0.jar;C:\Users\Asus\.gradle\caches\modules-2\files-2.1\com.github.luben\zstd-jni\1.5.2-1\fad786abc1d1b81570e8d9a2fc8a1ef479bc27b6\zstd-jni-1.5.2-1.jar;C:\Users\Asus\.gradle\caches\modules-2\files-2.1\org.lz4\lz4-java\1.8.0\4b986a99445e49ea5fbf5d149c4b63f6ed6c6780\lz4-java-1.8.0.jar;C:\Users\Asus\.gradle\caches\modules-2\files-2.1\org.xerial.snappy\snappy-java\1.1.8.4\66f0d56454509f6e36175f2331572e250e04a6cc\snappy-java-1.1.8.4.jar;C:\Users\Asus\.gradle\caches\modules-2\files-2.1\org.hibernate.common\hibernate-commons-annotations\6.0.6.Final\77a5f94b56d49508e0ee334751db5b78e5ccd50c\hibernate-commons-annotations-6.0.6.Final.jar;C:\Users\Asus\.gradle\caches\modules-2\files-2.1\io.smallrye\jandex\3.0.5\c548a4871b552292dbdd65409d3fda145c8925c1\jandex-3.0.5.jar;C:\Users\Asus\.gradle\caches\modules-2\files-2.1\com.fasterxml\classmate\1.5.1\3fe0bed568c62df5e89f4f174c101eab25345b6c\classmate-1.5.1.jar;C:\Users\Asus\.gradle\caches\modules-2\files-2.1\net.bytebuddy\byte-buddy\1.14.8\505d7d8937ff00cc55db79723e26c94069b87d66\byte-buddy-1.14.8.jar
Launcher Type: SUN_STANDARD

[Global flags]
     intx CICompilerCount                          = 4                                         {product} {ergonomic}
     uint ConcGCThreads                            = 2                                         {product} {ergonomic}
     uint G1ConcRefinementThreads                  = 8                                         {product} {ergonomic}
   size_t G1HeapRegionSize                         = 1048576                                   {product} {ergonomic}
    uintx GCDrainStackTargetSize                   = 64                                        {product} {ergonomic}
   size_t InitialHeapSize                          = 132120576                                 {product} {ergonomic}
     bool ManagementServer                         = true                                      {product} {command line}
   size_t MarkStackSize                            = 4194304                                   {product} {ergonomic}
   size_t MaxHeapSize                              = 2105540608                                {product} {ergonomic}
   size_t MaxNewSize                               = 1262485504                                {product} {ergonomic}
   size_t MinHeapDeltaBytes                        = 1048576                                   {product} {ergonomic}
   size_t MinHeapSize                              = 8388608                                   {product} {ergonomic}
    uintx NonProfiledCodeHeapSize                  = 0                                      {pd product} {ergonomic}
     bool ProfileInterpreter                       = false                                  {pd product} {command line}
    uintx ProfiledCodeHeapSize                     = 0                                      {pd product} {ergonomic}
   size_t SoftMaxHeapSize                          = 2105540608                             {manageable} {ergonomic}
     intx TieredStopAtLevel                        = 1                                         {product} {command line}
     bool UseCompressedClassPointers               = true                           {product lp64_product} {ergonomic}
     bool UseCompressedOops                        = true                           {product lp64_product} {ergonomic}
     bool UseG1GC                                  = true                                      {product} {ergonomic}
     bool UseLargePagesIndividualAllocation        = false                                  {pd product} {ergonomic}

Logging:
Log output configuration:
 #0: stdout all=warning uptime,level,tags foldmultilines=false
 #1: stderr all=off uptime,level,tags foldmultilines=false

Environment Variables:
PATH=C:\Program Files\Common Files\Oracle\Java\javapath;C:\Python311\Scripts\;C:\Python311\;C:\Program Files (x86)\Common Files\Intel\Shared Libraries\redist\intel64\compiler;C:\WINDOWS\system32;C:\WINDOWS;C:\WINDOWS\System32\Wbem;C:\WINDOWS\System32\WindowsPowerShell\v1.0\;C:\WINDOWS\System32\OpenSSH\;C:\ProgramData\chocolatey\bin;D:\Documents\Git file\Git\cmd;D:\Documents\nodejs\;C:\Program Files\Docker\Docker\resources\bin;C:\Program Files\gradle-8.3\bin;C:\Users\Asus\AppData\Local\Microsoft\WindowsApps;D:\Documents\Microsoft VS Code\bin;C:\Users\Asus\AppData\Roaming\npm;C:\Program Files\gradle-8.3\bin;
USERNAME=Asus
OS=Windows_NT
PROCESSOR_IDENTIFIER=Intel64 Family 6 Model 165 Stepping 2, GenuineIntel
TMP=C:\Users\Asus\AppData\Local\Temp
TEMP=C:\Users\Asus\AppData\Local\Temp



---------------  S Y S T E M  ---------------

OS:
 Windows 11 , 64 bit Build 22621 (10.0.22621.2428)
OS uptime: 4 days 14:05 hours
Hyper-V role detected

CPU: total 8 (initial active 8) (4 cores per cpu, 2 threads per core) family 6 model 165 stepping 2 microcode 0xe0, cx8, cmov, fxsr, ht, mmx, 3dnowpref, sse, sse2, sse3, ssse3, sse4.1, sse4.2, popcnt, lzcnt, tsc, tscinvbit, avx, avx2, aes, erms, clmul, bmi1, bmi2, adx, fma, vzeroupper, clflush, clflushopt, hv, rdtscp

Memory: 4k page, system-wide physical 8029M (403M free)
TotalPageFile size 32605M (AvailPageFile size 99M)
current process WorkingSet (physical memory assigned to process): 314M, peak: 314M
current process commit charge ("private bytes"): 359M, peak: 516M

vm_info: OpenJDK 64-Bit Server VM (19.0.2+7-FR) for windows-amd64 JRE (19.0.2+7-FR), built on Jan 13 2023 22:53:32 by "Administrator" with MS VC++ 15.9 (VS2017)

END.
